TN:
SF:/Users/owenthurm/Desktop/foil/packages/protocol/lib/fuzzlib/src/FuzzBase.sol
DA:1,0
DA:8,0
DA:11,0
end_of_record

SF:/Users/owenthurm/Desktop/foil/packages/protocol/lib/fuzzlib/src/FuzzLibString.sol
DA:8,0
DA:11,0
DA:12,0
DA:13,0
DA:15,0
DA:16,0
DA:20,0
DA:26,0
DA:29,0
DA:32,0
DA:35,0
DA:38,0
DA:43,0
DA:45,0
DA:49,0
DA:52,0
DA:55,0
DA:59,0
DA:62,0
DA:65,0
DA:69,0
DA:70,0
DA:71,0
DA:72,0
DA:73,0
DA:75,0
DA:76,0
DA:77,0
DA:78,0
DA:80,0
DA:83,0
DA:84,0
DA:85,0
DA:90,0
DA:93,0
DA:95,0
DA:96,0
DA:97,0
DA:98,0
DA:99,0
DA:100,0
DA:101,0
DA:107,0
DA:110,0
DA:113,0
DA:115,0
DA:116,0
DA:117,0
DA:118,0
DA:121,0
DA:122,0
DA:123,0
DA:124,0
DA:128,0
DA:129,0
DA:133,0
DA:137,0
DA:141,0
DA:143,0
DA:146,0
DA:149,0
DA:151,0
DA:152,0
end_of_record

SF:/Users/owenthurm/Desktop/foil/packages/protocol/lib/fuzzlib/src/Fuzzlib.sol
DA:11,294
end_of_record

SF:/Users/owenthurm/Desktop/foil/packages/protocol/lib/fuzzlib/src/helpers/HelperAssert.sol
DA:18,0
DA:19,0
DA:20,0
DA:21,0
DA:26,11
DA:31,5
DA:32,0
DA:33,0
DA:41,0
DA:46,0
DA:47,0
DA:48,0
DA:49,0
DA:50,0
DA:56,0
DA:61,0
DA:62,0
DA:63,0
DA:64,0
DA:71,0
DA:76,0
DA:77,0
DA:78,0
DA:86,0
DA:91,0
DA:92,0
DA:93,0
DA:94,0
DA:95,0
DA:96,0
DA:97,0
DA:98,0
DA:103,0
DA:108,0
DA:109,0
DA:110,0
DA:111,0
DA:112,0
DA:118,0
DA:123,0
DA:124,0
DA:125,0
DA:133,0
DA:138,0
DA:139,0
DA:140,0
DA:148,0
DA:153,0
DA:154,0
DA:155,0
DA:156,0
DA:157,0
DA:163,0
DA:168,0
DA:169,0
DA:170,0
DA:171,0
DA:172,0
DA:178,0
DA:183,0
DA:184,0
DA:185,0
DA:193,0
DA:198,0
DA:199,0
DA:200,0
DA:208,0
DA:213,0
DA:214,0
DA:215,0
DA:216,0
DA:217,0
DA:223,6
DA:228,1
DA:229,0
DA:230,0
DA:231,0
DA:232,0
DA:233,0
DA:238,0
DA:243,0
DA:244,0
DA:245,0
DA:252,0
DA:256,0
DA:257,0
DA:260,0
DA:264,0
DA:265,0
DA:268,0
DA:272,0
DA:273,0
DA:274,0
DA:275,0
DA:276,0
DA:278,0
DA:281,0
DA:286,0
DA:287,0
DA:288,0
DA:289,0
DA:290,0
DA:291,0
DA:293,0
DA:296,0
DA:302,0
DA:303,0
DA:304,0
DA:305,0
DA:306,0
DA:307,0
DA:308,0
DA:309,0
DA:311,0
DA:313,0
DA:315,0
DA:318,0
DA:321,0
DA:325,0
DA:326,0
DA:327,0
DA:328,0
DA:329,0
DA:330,0
DA:333,0
DA:336,0
DA:341,0
DA:342,0
DA:343,0
DA:344,0
DA:345,0
DA:346,0
DA:347,0
DA:350,0
DA:353,0
DA:354,0
end_of_record

SF:/Users/owenthurm/Desktop/foil/packages/protocol/lib/fuzzlib/src/helpers/HelperBase.sol
DA:6,0
DA:7,0
DA:9,0
DA:10,0
end_of_record

SF:/Users/owenthurm/Desktop/foil/packages/protocol/lib/fuzzlib/src/helpers/HelperClamp.sol
DA:18,0
DA:22,0
DA:23,0
DA:27,0
DA:31,0
DA:32,0
DA:36,0
DA:37,0
DA:41,0
DA:42,0
DA:46,0
DA:47,0
DA:51,0
DA:52,0
DA:56,0
DA:57,0
DA:61,0
DA:62,0
DA:66,0
DA:67,0
DA:71,0
DA:72,0
DA:82,0
DA:87,0
DA:88,0
DA:89,0
DA:90,0
DA:91,0
DA:92,0
DA:93,0
DA:95,0
DA:97,0
DA:99,0
DA:101,0
DA:103,0
DA:107,0
DA:112,0
DA:113,0
DA:114,0
DA:115,0
DA:116,0
DA:117,0
DA:118,0
DA:119,0
DA:120,0
DA:121,0
DA:123,0
DA:125,0
DA:127,0
DA:129,0
DA:135,0
DA:139,0
DA:140,0
DA:141,0
DA:142,0
DA:143,0
DA:146,0
DA:164,0
DA:168,0
DA:169,0
DA:170,0
DA:171,0
DA:172,0
DA:188,0
DA:192,0
DA:193,0
DA:194,0
DA:212,0
DA:216,0
DA:217,0
DA:218,0
DA:219,0
DA:220,0
DA:221,0
DA:222,0
DA:224,0
DA:226,0
DA:228,0
DA:230,0
DA:232,0
DA:236,0
DA:240,0
DA:241,0
DA:242,0
DA:243,0
DA:247,0
DA:248,0
DA:249,0
DA:250,0
DA:261,0
DA:266,0
DA:270,0
DA:271,0
DA:272,0
DA:291,0
DA:295,0
DA:296,0
DA:297,0
DA:298,0
DA:299,0
DA:315,0
DA:319,0
DA:320,0
DA:321,0
DA:322,0
DA:323,0
end_of_record

SF:/Users/owenthurm/Desktop/foil/packages/protocol/lib/fuzzlib/src/helpers/HelperLog.sol
DA:7,0
DA:8,0
DA:11,0
DA:12,0
DA:15,0
DA:16,0
DA:19,0
DA:20,0
DA:23,0
DA:24,0
DA:27,0
DA:28,0
DA:31,0
DA:32,0
DA:39,0
DA:40,0
DA:43,0
DA:44,0
DA:47,0
DA:48,0
DA:51,0
DA:52,0
DA:55,0
DA:56,0
DA:59,0
DA:60,0
DA:63,0
DA:64,0
DA:67,0
DA:68,0
DA:71,0
DA:72,0
end_of_record

SF:/Users/owenthurm/Desktop/foil/packages/protocol/lib/fuzzlib/src/helpers/HelperMath.sol
DA:5,0
DA:6,0
DA:9,0
DA:10,0
DA:14,0
DA:15,0
DA:19,0
DA:20,0
DA:23,0
DA:24,0
DA:27,0
DA:28,0
DA:31,0
DA:32,0
end_of_record

SF:/Users/owenthurm/Desktop/foil/packages/protocol/lib/fuzzlib/src/helpers/HelperRandom.sol
DA:7,0
DA:11,0
DA:12,0
DA:14,0
DA:15,0
DA:17,0
DA:18,0
end_of_record

SF:/Users/owenthurm/Desktop/foil/packages/protocol/lib/fuzzlib/src/libraries/LibLog.sol
DA:4,0
DA:23,0
DA:24,0
DA:27,0
DA:28,0
DA:31,0
DA:32,0
DA:35,0
DA:36,0
DA:39,0
DA:40,0
DA:43,0
DA:44,0
DA:47,0
DA:48,0
DA:51,0
DA:52,0
DA:55,0
DA:56,0
DA:59,0
DA:60,0
DA:63,0
DA:64,0
DA:67,0
DA:68,0
DA:71,0
DA:72,0
DA:75,0
DA:76,0
DA:79,0
DA:80,0
DA:83,0
DA:84,0
end_of_record

SF:/Users/owenthurm/Desktop/foil/packages/protocol/lib/fuzzlib/src/platform/IPlatform.sol
end_of_record

SF:/Users/owenthurm/Desktop/foil/packages/protocol/lib/fuzzlib/src/platform/PlatformCrytic.sol
DA:7,0
DA:8,0
DA:9,0
end_of_record

SF:/Users/owenthurm/Desktop/foil/packages/protocol/node_modules/@openzeppelin/contracts-upgradeable/proxy/utils/Initializable.sol
end_of_record

SF:/Users/owenthurm/Desktop/foil/packages/protocol/node_modules/@openzeppelin/contracts-upgradeable/utils/ReentrancyGuardUpgradeable.sol
DA:35,1
DA:36,1
DA:46,2
DA:48,2
DA:74,8
DA:75,0
DA:76,5
DA:79,2
DA:80,7
DA:82,6
DA:83,0
DA:87,2
DA:90,2
DA:91,5
DA:94,2
end_of_record

SF:/Users/owenthurm/Desktop/foil/packages/protocol/node_modules/@openzeppelin/contracts-v4/token/ERC20/IERC20.sol
end_of_record

SF:/Users/owenthurm/Desktop/foil/packages/protocol/node_modules/@openzeppelin/contracts-v4/token/ERC20/extensions/IERC20Permit.sol
end_of_record

SF:/Users/owenthurm/Desktop/foil/packages/protocol/node_modules/@openzeppelin/contracts-v4/token/ERC721/ERC721.sol
DA:19,0
DA:44,0
DA:45,0
DA:46,0
DA:52,0
DA:53,0
DA:54,0
DA:55,0
DA:56,0
DA:62,0
DA:63,0
DA:64,0
DA:70,0
DA:71,0
DA:72,0
DA:79,0
DA:80,0
DA:86,0
DA:87,0
DA:93,0
DA:94,0
DA:96,0
DA:97,0
DA:105,0
DA:106,0
DA:112,0
DA:113,0
DA:114,0
DA:116,0
DA:117,0
DA:121,0
DA:127,0
DA:128,0
DA:130,0
DA:136,0
DA:137,0
DA:143,0
DA:144,0
DA:150,0
DA:152,0
DA:154,0
DA:160,0
DA:161,0
DA:167,0
DA:168,0
DA:169,0
DA:190,0
DA:191,0
DA:192,0
DA:198,0
DA:199,0
DA:210,0
DA:211,0
DA:221,0
DA:222,0
DA:223,0
DA:264,0
DA:265,0
DA:266,0
DA:268,0
DA:271,0
DA:278,0
DA:281,0
DA:283,0
DA:299,0
DA:300,0
DA:302,0
DA:305,0
DA:308,0
DA:313,0
DA:315,0
DA:317,0
DA:333,0
DA:334,0
DA:335,0
DA:337,0
DA:340,0
DA:343,0
DA:351,0
DA:352,0
DA:354,0
DA:356,0
DA:366,0
DA:367,0
DA:368,0
DA:376,0
DA:377,0
DA:378,0
DA:379,0
DA:385,0
DA:386,0
DA:399,0
DA:404,0
DA:405,0
DA:406,0
DA:407,0
DA:409,0
DA:410,0
DA:414,0
DA:419,0
end_of_record

SF:/Users/owenthurm/Desktop/foil/packages/protocol/node_modules/@openzeppelin/contracts-v4/token/ERC721/IERC721.sol
end_of_record

SF:/Users/owenthurm/Desktop/foil/packages/protocol/node_modules/@openzeppelin/contracts-v4/token/ERC721/IERC721Receiver.sol
end_of_record

SF:/Users/owenthurm/Desktop/foil/packages/protocol/node_modules/@openzeppelin/contracts-v4/token/ERC721/extensions/ERC721Enumerable.sol
DA:30,8
DA:31,0
DA:37,0
DA:38,0
DA:39,0
DA:45,0
DA:46,0
DA:52,0
DA:53,0
DA:54,0
DA:60,0
DA:68,0
DA:70,0
DA:73,0
DA:75,0
DA:76,0
DA:77,0
DA:78,0
DA:80,0
DA:81,0
DA:82,0
DA:83,0
DA:92,0
DA:93,0
DA:94,0
DA:95,0
DA:102,0
DA:103,0
DA:104,0
DA:115,0
DA:119,0
DA:120,0
DA:123,0
DA:124,0
DA:126,0
DA:127,0
DA:131,0
DA:132,0
DA:140,0
DA:144,0
DA:145,0
DA:150,0
DA:152,0
DA:153,0
DA:156,0
DA:157,0
end_of_record

SF:/Users/owenthurm/Desktop/foil/packages/protocol/node_modules/@openzeppelin/contracts-v4/token/ERC721/extensions/IERC721Enumerable.sol
end_of_record

SF:/Users/owenthurm/Desktop/foil/packages/protocol/node_modules/@openzeppelin/contracts-v4/token/ERC721/extensions/IERC721Metadata.sol
end_of_record

SF:/Users/owenthurm/Desktop/foil/packages/protocol/node_modules/@openzeppelin/contracts-v4/utils/Address.sol
DA:9,0
DA:40,0
DA:45,0
end_of_record

SF:/Users/owenthurm/Desktop/foil/packages/protocol/node_modules/@openzeppelin/contracts-v4/utils/Context.sol
DA:18,0
end_of_record

SF:/Users/owenthurm/Desktop/foil/packages/protocol/node_modules/@openzeppelin/contracts-v4/utils/Strings.sol
DA:12,0
DA:19,0
DA:21,0
DA:22,0
DA:26,0
DA:28,0
DA:29,0
DA:32,0
DA:34,0
DA:35,0
DA:37,0
end_of_record

SF:/Users/owenthurm/Desktop/foil/packages/protocol/node_modules/@openzeppelin/contracts-v4/utils/introspection/ERC165.sol
DA:26,0
DA:27,0
end_of_record

SF:/Users/owenthurm/Desktop/foil/packages/protocol/node_modules/@openzeppelin/contracts-v4/utils/introspection/IERC165.sol
end_of_record

SF:/Users/owenthurm/Desktop/foil/packages/protocol/node_modules/@openzeppelin/contracts-v4/utils/math/Math.sol
DA:9,0
DA:252,0
DA:255,0
DA:256,0
DA:257,0
DA:259,0
DA:260,0
DA:261,0
DA:263,0
DA:264,0
DA:265,0
DA:267,0
DA:268,0
DA:269,0
DA:271,0
DA:272,0
DA:273,0
DA:275,0
DA:276,0
DA:277,0
DA:279,0
DA:280,0
DA:283,0
end_of_record

SF:/Users/owenthurm/Desktop/foil/packages/protocol/node_modules/@openzeppelin/contracts-v4/utils/math/SignedMath.sol
DA:9,0
end_of_record

SF:/Users/owenthurm/Desktop/foil/packages/protocol/node_modules/@openzeppelin/contracts/access/Ownable.sol
DA:38,0
DA:39,0
DA:40,0
DA:42,0
DA:49,0
DA:56,0
DA:57,0
DA:63,0
DA:64,0
DA:65,0
DA:76,0
DA:77,0
DA:84,0
DA:85,0
DA:86,0
DA:88,0
DA:95,0
DA:96,0
DA:97,0
DA:98,0
end_of_record

SF:/Users/owenthurm/Desktop/foil/packages/protocol/node_modules/@openzeppelin/contracts/interfaces/draft-IERC6093.sol
end_of_record

SF:/Users/owenthurm/Desktop/foil/packages/protocol/node_modules/@openzeppelin/contracts/token/ERC20/ERC20.sol
DA:51,0
DA:52,0
DA:58,8
DA:59,0
DA:66,0
DA:67,0
DA:83,0
DA:84,0
DA:90,0
DA:91,0
DA:97,0
DA:98,0
DA:109,0
DA:111,0
DA:118,0
DA:119,0
DA:132,0
DA:134,0
DA:135,0
DA:154,0
DA:156,0
DA:157,0
DA:158,0
DA:171,0
DA:172,0
DA:173,0
DA:175,0
DA:176,0
DA:178,0
DA:188,0
DA:189,0
DA:191,0
DA:193,0
DA:194,0
DA:195,0
DA:199,0
DA:203,0
DA:206,0
DA:211,0
DA:215,0
DA:226,0
DA:227,0
DA:228,0
DA:230,0
DA:241,0
DA:242,0
DA:243,0
DA:245,0
DA:263,0
DA:264,0
DA:284,0
DA:285,0
DA:286,0
DA:288,0
DA:289,0
DA:291,0
DA:292,0
DA:293,0
DA:305,0
DA:306,0
DA:307,0
DA:308,0
DA:309,0
DA:312,0
end_of_record

SF:/Users/owenthurm/Desktop/foil/packages/protocol/node_modules/@openzeppelin/contracts/token/ERC20/IERC20.sol
end_of_record

SF:/Users/owenthurm/Desktop/foil/packages/protocol/node_modules/@openzeppelin/contracts/token/ERC20/extensions/IERC20Metadata.sol
end_of_record

SF:/Users/owenthurm/Desktop/foil/packages/protocol/node_modules/@openzeppelin/contracts/token/ERC20/extensions/IERC20Permit.sol
end_of_record

SF:/Users/owenthurm/Desktop/foil/packages/protocol/node_modules/@openzeppelin/contracts/token/ERC20/utils/SafeERC20.sol
DA:19,0
DA:36,0
DA:37,0
DA:44,0
DA:45,0
DA:91,0
DA:96,0
DA:97,0
DA:98,0
end_of_record

SF:/Users/owenthurm/Desktop/foil/packages/protocol/node_modules/@openzeppelin/contracts/token/ERC721/IERC721.sol
end_of_record

SF:/Users/owenthurm/Desktop/foil/packages/protocol/node_modules/@openzeppelin/contracts/token/ERC721/extensions/IERC721Enumerable.sol
end_of_record

SF:/Users/owenthurm/Desktop/foil/packages/protocol/node_modules/@openzeppelin/contracts/token/ERC721/extensions/IERC721Metadata.sol
end_of_record

SF:/Users/owenthurm/Desktop/foil/packages/protocol/node_modules/@openzeppelin/contracts/utils/Address.sol
DA:9,0
DA:70,0
DA:71,0
DA:83,0
DA:84,0
DA:85,0
DA:87,0
DA:88,0
DA:114,0
DA:118,0
DA:119,0
DA:120,0
DA:124,0
DA:125,0
DA:127,0
DA:146,0
DA:148,0
DA:152,0
DA:153,0
DA:156,0
end_of_record

SF:/Users/owenthurm/Desktop/foil/packages/protocol/node_modules/@openzeppelin/contracts/utils/Context.sol
DA:18,0
end_of_record

SF:/Users/owenthurm/Desktop/foil/packages/protocol/node_modules/@openzeppelin/contracts/utils/introspection/IERC165.sol
end_of_record

SF:/Users/owenthurm/Desktop/foil/packages/protocol/node_modules/@synthetixio/core-contracts/contracts/errors/AccessError.sol
DA:7,0
end_of_record

SF:/Users/owenthurm/Desktop/foil/packages/protocol/node_modules/@synthetixio/core-contracts/contracts/errors/AddressError.sol
DA:7,0
end_of_record

SF:/Users/owenthurm/Desktop/foil/packages/protocol/node_modules/@synthetixio/core-contracts/contracts/errors/InitError.sol
DA:7,0
end_of_record

SF:/Users/owenthurm/Desktop/foil/packages/protocol/node_modules/@synthetixio/core-contracts/contracts/errors/ParameterError.sol
DA:7,0
end_of_record

SF:/Users/owenthurm/Desktop/foil/packages/protocol/node_modules/@synthetixio/core-contracts/contracts/interfaces/IERC721Receiver.sol
end_of_record

SF:/Users/owenthurm/Desktop/foil/packages/protocol/node_modules/@synthetixio/core-contracts/contracts/ownership/OwnableStorage.sol
DA:6,0
DA:8,0
DA:15,0
DA:16,0
end_of_record

SF:/Users/owenthurm/Desktop/foil/packages/protocol/node_modules/@synthetixio/core-contracts/contracts/proxy/AbstractProxy.sol
DA:6,1
DA:10,0
DA:13,1
DA:14,7
DA:18,4
DA:20,7
DA:22,4
DA:24,1
DA:25,5
DA:26,3
DA:29,3
end_of_record

SF:/Users/owenthurm/Desktop/foil/packages/protocol/node_modules/@synthetixio/core-contracts/contracts/proxy/ProxyStorage.sol
DA:4,0
DA:6,27
DA:13,4
DA:14,1
end_of_record

SF:/Users/owenthurm/Desktop/foil/packages/protocol/node_modules/@synthetixio/core-contracts/contracts/proxy/UUPSProxy.sol
DA:9,7
DA:10,0
DA:11,0
DA:12,0
DA:15,0
DA:16,0
DA:19,0
DA:22,4
DA:23,7
end_of_record

SF:/Users/owenthurm/Desktop/foil/packages/protocol/node_modules/@synthetixio/core-contracts/contracts/proxy/UUPSProxyWithOwner.sol
DA:7,7
DA:9,0
DA:10,0
end_of_record

SF:/Users/owenthurm/Desktop/foil/packages/protocol/node_modules/@synthetixio/core-contracts/contracts/utils/AddressUtil.sol
DA:4,0
DA:9,0
DA:12,0
end_of_record

SF:/Users/owenthurm/Desktop/foil/packages/protocol/node_modules/@synthetixio/core-contracts/contracts/utils/DecimalMath.sol
DA:21,0
DA:28,0
DA:30,0
DA:31,0
DA:35,0
DA:36,0
DA:39,0
DA:54,0
DA:55,0
DA:65,0
DA:66,0
end_of_record

SF:/Users/owenthurm/Desktop/foil/packages/protocol/node_modules/@synthetixio/core-contracts/contracts/utils/ERC2771Context.sol
DA:7,0
DA:9,0
DA:11,0
DA:12,0
DA:16,0
DA:19,0
DA:32,0
end_of_record

SF:/Users/owenthurm/Desktop/foil/packages/protocol/node_modules/@synthetixio/core-contracts/contracts/utils/SafeCast.sol
end_of_record

SF:/Users/owenthurm/Desktop/foil/packages/protocol/node_modules/@synthetixio/core-contracts/contracts/utils/SafeCast/SafeCastAddress.sol
DA:7,0
end_of_record

SF:/Users/owenthurm/Desktop/foil/packages/protocol/node_modules/@synthetixio/core-contracts/contracts/utils/SafeCast/SafeCastBytes32.sol
DA:7,0
end_of_record

SF:/Users/owenthurm/Desktop/foil/packages/protocol/node_modules/@synthetixio/core-contracts/contracts/utils/SafeCast/SafeCastI128.sol
DA:7,0
end_of_record

SF:/Users/owenthurm/Desktop/foil/packages/protocol/node_modules/@synthetixio/core-contracts/contracts/utils/SafeCast/SafeCastI24.sol
DA:7,0
end_of_record

SF:/Users/owenthurm/Desktop/foil/packages/protocol/node_modules/@synthetixio/core-contracts/contracts/utils/SafeCast/SafeCastI256.sol
DA:7,0
DA:32,0
DA:35,0
DA:36,0
end_of_record

SF:/Users/owenthurm/Desktop/foil/packages/protocol/node_modules/@synthetixio/core-contracts/contracts/utils/SafeCast/SafeCastI32.sol
DA:7,0
end_of_record

SF:/Users/owenthurm/Desktop/foil/packages/protocol/node_modules/@synthetixio/core-contracts/contracts/utils/SafeCast/SafeCastI56.sol
DA:7,0
end_of_record

SF:/Users/owenthurm/Desktop/foil/packages/protocol/node_modules/@synthetixio/core-contracts/contracts/utils/SafeCast/SafeCastI64.sol
DA:7,0
end_of_record

SF:/Users/owenthurm/Desktop/foil/packages/protocol/node_modules/@synthetixio/core-contracts/contracts/utils/SafeCast/SafeCastU128.sol
DA:7,0
end_of_record

SF:/Users/owenthurm/Desktop/foil/packages/protocol/node_modules/@synthetixio/core-contracts/contracts/utils/SafeCast/SafeCastU160.sol
DA:7,0
end_of_record

SF:/Users/owenthurm/Desktop/foil/packages/protocol/node_modules/@synthetixio/core-contracts/contracts/utils/SafeCast/SafeCastU256.sol
DA:7,0
DA:69,0
DA:72,0
DA:73,0
DA:76,0
end_of_record

SF:/Users/owenthurm/Desktop/foil/packages/protocol/node_modules/@synthetixio/core-contracts/contracts/utils/SafeCast/SafeCastU32.sol
DA:7,0
end_of_record

SF:/Users/owenthurm/Desktop/foil/packages/protocol/node_modules/@synthetixio/core-contracts/contracts/utils/SafeCast/SafeCastU56.sol
DA:7,0
end_of_record

SF:/Users/owenthurm/Desktop/foil/packages/protocol/node_modules/@synthetixio/core-contracts/contracts/utils/SafeCast/SafeCastU64.sol
DA:7,0
end_of_record

SF:/Users/owenthurm/Desktop/foil/packages/protocol/node_modules/@synthetixio/core-contracts/contracts/utils/StringUtil.sol
DA:9,0
DA:10,0
DA:11,0
DA:12,0
DA:15,0
DA:17,0
DA:18,0
DA:19,0
DA:22,0
DA:23,0
DA:24,0
DA:26,0
DA:27,0
end_of_record

SF:/Users/owenthurm/Desktop/foil/packages/protocol/node_modules/@uma/core/contracts/optimistic-oracle-v3/interfaces/OptimisticOracleV3Interface.sol
end_of_record

SF:/Users/owenthurm/Desktop/foil/packages/protocol/node_modules/@uniswap/v3-core/contracts/interfaces/IUniswapV3Factory.sol
end_of_record

SF:/Users/owenthurm/Desktop/foil/packages/protocol/node_modules/@uniswap/v3-core/contracts/interfaces/IUniswapV3Pool.sol
end_of_record

SF:/Users/owenthurm/Desktop/foil/packages/protocol/node_modules/@uniswap/v3-core/contracts/interfaces/callback/IUniswapV3SwapCallback.sol
end_of_record

SF:/Users/owenthurm/Desktop/foil/packages/protocol/node_modules/@uniswap/v3-core/contracts/interfaces/pool/IUniswapV3PoolActions.sol
end_of_record

SF:/Users/owenthurm/Desktop/foil/packages/protocol/node_modules/@uniswap/v3-core/contracts/interfaces/pool/IUniswapV3PoolDerivedState.sol
end_of_record

SF:/Users/owenthurm/Desktop/foil/packages/protocol/node_modules/@uniswap/v3-core/contracts/interfaces/pool/IUniswapV3PoolEvents.sol
end_of_record

SF:/Users/owenthurm/Desktop/foil/packages/protocol/node_modules/@uniswap/v3-core/contracts/interfaces/pool/IUniswapV3PoolImmutables.sol
end_of_record

SF:/Users/owenthurm/Desktop/foil/packages/protocol/node_modules/@uniswap/v3-core/contracts/interfaces/pool/IUniswapV3PoolOwnerActions.sol
end_of_record

SF:/Users/owenthurm/Desktop/foil/packages/protocol/node_modules/@uniswap/v3-core/contracts/interfaces/pool/IUniswapV3PoolState.sol
end_of_record

SF:/Users/owenthurm/Desktop/foil/packages/protocol/node_modules/forge-std/src/Base.sol
end_of_record

SF:/Users/owenthurm/Desktop/foil/packages/protocol/node_modules/forge-std/src/StdAssertions.sol
DA:8,2
DA:38,13
DA:39,8
DA:40,0
DA:42,65
end_of_record

SF:/Users/owenthurm/Desktop/foil/packages/protocol/node_modules/forge-std/src/StdChains.sol
DA:66,0
end_of_record

SF:/Users/owenthurm/Desktop/foil/packages/protocol/node_modules/forge-std/src/StdCheats.sol
end_of_record

SF:/Users/owenthurm/Desktop/foil/packages/protocol/node_modules/forge-std/src/StdError.sol
DA:5,0
DA:6,0
DA:7,0
DA:8,0
DA:9,0
DA:10,0
DA:11,0
DA:12,0
DA:13,0
DA:14,0
end_of_record

SF:/Users/owenthurm/Desktop/foil/packages/protocol/node_modules/forge-std/src/StdInvariant.sol
DA:83,6
DA:84,33
DA:87,6
DA:88,31
DA:91,6
DA:92,33
DA:95,26
DA:96,39
DA:99,14
DA:100,33
DA:103,14
DA:104,33
DA:107,6
DA:108,31
DA:111,14
DA:112,33
DA:115,6
DA:116,31
DA:119,16
DA:120,40
end_of_record

SF:/Users/owenthurm/Desktop/foil/packages/protocol/node_modules/forge-std/src/StdJson.sol
DA:25,0
end_of_record

SF:/Users/owenthurm/Desktop/foil/packages/protocol/node_modules/forge-std/src/StdMath.sol
DA:4,0
end_of_record

SF:/Users/owenthurm/Desktop/foil/packages/protocol/node_modules/forge-std/src/StdStorage.sol
DA:24,0
DA:334,0
end_of_record

SF:/Users/owenthurm/Desktop/foil/packages/protocol/node_modules/forge-std/src/StdStyle.sol
DA:6,0
end_of_record

SF:/Users/owenthurm/Desktop/foil/packages/protocol/node_modules/forge-std/src/StdToml.sol
DA:25,0
end_of_record

SF:/Users/owenthurm/Desktop/foil/packages/protocol/node_modules/forge-std/src/StdUtils.sol
end_of_record

SF:/Users/owenthurm/Desktop/foil/packages/protocol/node_modules/forge-std/src/Test.sol
DA:32,9
end_of_record

SF:/Users/owenthurm/Desktop/foil/packages/protocol/node_modules/forge-std/src/Vm.sol
end_of_record

SF:/Users/owenthurm/Desktop/foil/packages/protocol/node_modules/forge-std/src/console.sol
DA:4,0
DA:6,0
DA:8,0
DA:9,0
DA:11,0
DA:12,0
DA:13,0
DA:14,0
DA:15,0
DA:16,0
DA:17,0
DA:18,0
DA:19,0
DA:33,0
DA:34,0
DA:61,0
DA:62,0
DA:201,0
DA:202,0
DA:229,0
DA:230,0
DA:233,0
DA:234,0
DA:241,0
DA:242,0
DA:245,0
DA:246,0
end_of_record

SF:/Users/owenthurm/Desktop/foil/packages/protocol/node_modules/forge-std/src/console2.sol
end_of_record

SF:/Users/owenthurm/Desktop/foil/packages/protocol/node_modules/forge-std/src/interfaces/IERC165.sol
end_of_record

SF:/Users/owenthurm/Desktop/foil/packages/protocol/node_modules/forge-std/src/interfaces/IERC20.sol
end_of_record

SF:/Users/owenthurm/Desktop/foil/packages/protocol/node_modules/forge-std/src/interfaces/IERC721.sol
end_of_record

SF:/Users/owenthurm/Desktop/foil/packages/protocol/node_modules/forge-std/src/interfaces/IMulticall3.sol
end_of_record

SF:/Users/owenthurm/Desktop/foil/packages/protocol/node_modules/forge-std/src/mocks/MockERC20.sol
DA:8,0
DA:19,0
DA:20,0
DA:23,0
DA:24,0
DA:27,0
DA:28,0
DA:41,0
DA:42,0
DA:45,0
DA:46,0
DA:49,0
DA:50,0
DA:61,0
DA:72,0
DA:73,0
DA:75,0
DA:76,0
DA:77,0
DA:79,0
DA:80,0
DA:82,0
DA:89,0
DA:90,0
DA:92,0
DA:94,0
DA:97,0
DA:98,0
DA:99,0
DA:101,0
DA:106,0
DA:107,0
DA:109,0
DA:111,0
DA:112,0
DA:114,0
DA:116,0
DA:123,0
DA:126,0
DA:127,0
DA:129,0
DA:130,0
DA:131,0
DA:133,0
DA:134,0
DA:135,0
DA:136,0
DA:139,0
DA:140,0
DA:141,0
DA:142,0
DA:153,0
DA:155,0
DA:157,0
DA:160,0
DA:161,0
DA:164,0
DA:165,0
DA:166,0
DA:167,0
DA:168,0
DA:169,0
DA:170,0
DA:171,0
DA:198,0
DA:199,0
DA:200,0
DA:204,0
DA:205,0
DA:206,0
DA:217,0
DA:220,0
DA:226,0
DA:227,0
DA:232,0
end_of_record

SF:/Users/owenthurm/Desktop/foil/packages/protocol/node_modules/forge-std/src/mocks/MockERC721.sol
DA:8,0
DA:17,0
DA:18,0
DA:21,0
DA:22,0
DA:25,0
DA:35,0
DA:36,0
DA:39,0
DA:40,0
DA:42,0
DA:53,0
DA:54,0
DA:57,0
DA:58,0
DA:70,0
DA:71,0
DA:73,0
DA:74,0
DA:76,0
DA:83,0
DA:84,0
DA:86,0
DA:88,0
DA:90,0
DA:93,0
DA:94,0
DA:96,0
DA:99,0
DA:100,0
DA:102,0
DA:104,0
DA:105,0
DA:111,0
DA:113,0
DA:115,0
DA:117,0
DA:119,0
DA:122,0
DA:123,0
DA:125,0
DA:126,0
DA:127,0
DA:128,0
DA:133,0
DA:139,0
DA:141,0
DA:142,0
DA:143,0
DA:144,0
DA:153,0
DA:154,0
DA:155,0
DA:156,0
DA:226,0
DA:229,0
end_of_record

SF:/Users/owenthurm/Desktop/foil/packages/protocol/node_modules/forge-std/src/safeconsole.sol
DA:6,0
end_of_record

SF:/Users/owenthurm/Desktop/foil/packages/protocol/src/contracts/external/VirtualToken.sol
DA:8,0
DA:9,0
DA:13,0
DA:15,0
DA:16,0
end_of_record

SF:/Users/owenthurm/Desktop/foil/packages/protocol/src/contracts/external/univ3/FixedPoint96.sol
DA:9,0
DA:10,0
end_of_record

SF:/Users/owenthurm/Desktop/foil/packages/protocol/src/contracts/external/univ3/FullMath.sol
DA:10,0
DA:20,0
DA:24,0
DA:33,0
DA:34,0
DA:35,0
DA:39,0
DA:40,0
DA:42,0
DA:44,0
DA:49,0
DA:57,0
DA:59,0
DA:63,0
DA:64,0
DA:70,0
DA:74,0
DA:79,0
DA:85,0
DA:87,0
DA:94,0
DA:98,0
DA:99,0
DA:100,0
DA:101,0
DA:102,0
DA:103,0
DA:111,0
end_of_record

SF:/Users/owenthurm/Desktop/foil/packages/protocol/src/contracts/external/univ3/LiquidityAmounts.sol
DA:12,0
DA:16,0
DA:17,0
DA:26,0
DA:30,0
DA:31,0
DA:32,0
DA:33,0
DA:34,0
DA:35,0
DA:39,0
DA:40,0
DA:41,0
DA:43,0
DA:54,0
DA:58,0
DA:59,0
DA:60,0
DA:62,0
DA:63,0
DA:64,0
DA:66,0
DA:79,0
DA:85,0
DA:86,0
DA:87,0
DA:89,0
DA:90,0
DA:91,0
DA:92,0
DA:93,0
DA:95,0
DA:96,0
DA:97,0
DA:98,0
DA:99,0
DA:101,0
DA:102,0
DA:103,0
DA:104,0
DA:107,0
DA:109,0
DA:110,0
DA:111,0
DA:112,0
DA:123,0
DA:127,0
DA:128,0
DA:129,0
DA:131,0
DA:132,0
DA:133,0
DA:135,0
DA:138,0
DA:139,0
DA:140,0
DA:144,0
DA:152,0
DA:156,0
DA:157,0
DA:158,0
DA:161,0
DA:163,0
DA:176,0
DA:181,0
DA:182,0
DA:183,0
DA:185,0
DA:186,0
DA:187,0
DA:188,0
DA:189,0
DA:191,0
DA:192,0
DA:193,0
DA:194,0
DA:195,0
DA:197,0
DA:198,0
DA:199,0
DA:200,0
DA:203,0
DA:204,0
DA:205,0
DA:206,0
end_of_record

SF:/Users/owenthurm/Desktop/foil/packages/protocol/src/contracts/external/univ3/MigrationMathUtils.sol
DA:5,0
DA:10,0
DA:11,0
DA:12,0
DA:15,0
DA:18,0
DA:19,0
DA:20,0
DA:26,3
DA:27,9
DA:28,0
DA:30,3
end_of_record

SF:/Users/owenthurm/Desktop/foil/packages/protocol/src/contracts/external/univ3/TickMath.sol
DA:10,0
DA:16,4
DA:29,3
DA:31,1
DA:32,11
DA:33,1
DA:34,3
DA:35,20
DA:37,13
DA:38,0
DA:40,7
DA:41,0
DA:42,7
DA:43,0
DA:44,7
DA:45,11
DA:46,7
DA:47,11
DA:48,7
DA:49,11
DA:50,7
DA:51,11
DA:52,7
DA:53,11
DA:54,7
DA:55,11
DA:56,7
DA:57,11
DA:58,7
DA:59,11
DA:60,7
DA:61,11
DA:62,7
DA:63,11
DA:64,7
DA:65,11
DA:66,7
DA:67,11
DA:68,7
DA:69,11
DA:70,7
DA:71,11
DA:72,7
DA:73,11
DA:74,7
DA:75,11
DA:76,7
DA:77,11
DA:79,16
DA:84,1
DA:85,23
end_of_record

SF:/Users/owenthurm/Desktop/foil/packages/protocol/src/contracts/interfaces/IConfigurationModule.sol
end_of_record

SF:/Users/owenthurm/Desktop/foil/packages/protocol/src/contracts/interfaces/IERC165Module.sol
end_of_record

SF:/Users/owenthurm/Desktop/foil/packages/protocol/src/contracts/interfaces/IERC721.sol
end_of_record

SF:/Users/owenthurm/Desktop/foil/packages/protocol/src/contracts/interfaces/IERC721Enumerable.sol
end_of_record

SF:/Users/owenthurm/Desktop/foil/packages/protocol/src/contracts/interfaces/IFoilStructs.sol
end_of_record

SF:/Users/owenthurm/Desktop/foil/packages/protocol/src/contracts/interfaces/ILiquidityModule.sol
end_of_record

SF:/Users/owenthurm/Desktop/foil/packages/protocol/src/contracts/interfaces/ISettlementModule.sol
end_of_record

SF:/Users/owenthurm/Desktop/foil/packages/protocol/src/contracts/interfaces/ITradeModule.sol
end_of_record

SF:/Users/owenthurm/Desktop/foil/packages/protocol/src/contracts/interfaces/IUMASettlementModule.sol
end_of_record

SF:/Users/owenthurm/Desktop/foil/packages/protocol/src/contracts/interfaces/IViewsModule.sol
end_of_record

SF:/Users/owenthurm/Desktop/foil/packages/protocol/src/contracts/interfaces/external/INonfungiblePositionManager.sol
end_of_record

SF:/Users/owenthurm/Desktop/foil/packages/protocol/src/contracts/interfaces/external/ISwapRouter.sol
end_of_record

SF:/Users/owenthurm/Desktop/foil/packages/protocol/src/contracts/interfaces/external/IUniswapV3Quoter.sol
end_of_record

SF:/Users/owenthurm/Desktop/foil/packages/protocol/src/contracts/libraries/DecimalPrice.sol
DA:6,0
DA:7,2
DA:9,0
DA:11,0
DA:12,0
DA:13,0
DA:15,2
end_of_record

SF:/Users/owenthurm/Desktop/foil/packages/protocol/src/contracts/libraries/Pool.sol
DA:12,0
DA:13,0
DA:21,0
DA:27,0
DA:30,0
DA:43,0
DA:44,0
DA:45,0
DA:46,0
DA:47,0
DA:49,0
DA:50,0
DA:51,0
DA:52,0
DA:53,0
end_of_record

SF:/Users/owenthurm/Desktop/foil/packages/protocol/src/contracts/libraries/Quote.sol
DA:11,0
DA:12,0
DA:15,0
DA:16,0
DA:19,0
DA:23,0
DA:25,0
DA:26,0
DA:27,0
DA:28,0
DA:29,0
end_of_record

SF:/Users/owenthurm/Desktop/foil/packages/protocol/src/contracts/modules/ConfigurationModule.sol
DA:10,44
DA:18,0
DA:19,0
DA:22,1
DA:23,10
DA:24,20
DA:25,26
DA:27,12
DA:28,0
DA:33,11
DA:39,7
DA:40,8
DA:42,9
DA:43,21
DA:46,15
DA:49,6
DA:51,17
DA:54,16
DA:59,0
DA:61,7
DA:63,8
DA:65,3
DA:66,1
DA:67,1
DA:68,1
DA:69,1
DA:70,1
DA:72,0
DA:75,2
DA:77,0
DA:78,0
DA:79,0
DA:81,0
DA:84,0
DA:85,0
DA:86,0
DA:87,0
DA:88,0
DA:91,0
DA:92,0
DA:93,0
DA:96,0
DA:97,0
DA:98,0
end_of_record

SF:/Users/owenthurm/Desktop/foil/packages/protocol/src/contracts/modules/ERC165Module.sol
DA:8,0
DA:9,0
DA:11,0
DA:12,0
DA:13,0
DA:14,0
DA:15,0
end_of_record

SF:/Users/owenthurm/Desktop/foil/packages/protocol/src/contracts/modules/LiquidityModule.sol
DA:23,0
DA:28,0
DA:35,0
DA:36,0
DA:37,0
DA:38,0
DA:39,0
DA:40,0
DA:42,0
DA:43,0
DA:45,0
DA:46,0
DA:47,0
DA:48,0
DA:50,0
DA:51,0
DA:53,0
DA:58,0
DA:60,0
DA:61,0
DA:62,0
DA:63,0
DA:64,0
DA:65,0
DA:66,0
DA:67,0
DA:68,0
DA:69,0
DA:70,0
DA:71,0
DA:75,0
DA:76,0
DA:77,0
DA:78,0
DA:79,0
DA:80,0
DA:81,0
DA:82,0
DA:83,0
DA:84,0
DA:85,0
DA:90,0
DA:91,0
DA:92,0
DA:93,0
DA:94,0
DA:95,0
DA:96,0
DA:97,0
DA:98,0
DA:99,0
DA:104,0
DA:107,0
DA:108,0
DA:109,0
DA:110,0
DA:111,0
DA:112,0
DA:113,0
DA:114,0
DA:115,0
DA:119,0
DA:125,0
DA:126,0
DA:127,0
DA:129,0
DA:131,0
DA:132,0
DA:133,0
DA:135,0
DA:136,0
DA:137,0
DA:139,0
DA:140,0
DA:141,0
DA:142,0
DA:143,0
DA:145,0
DA:147,0
DA:148,0
DA:149,0
DA:150,0
DA:151,0
DA:154,0
DA:155,0
DA:158,0
DA:159,0
DA:162,0
DA:173,0
DA:174,0
DA:175,0
DA:176,0
DA:178,0
DA:179,0
DA:180,0
DA:181,0
DA:182,0
DA:183,0
DA:184,0
DA:185,0
DA:186,0
DA:187,0
DA:188,0
DA:189,0
DA:194,0
DA:195,0
DA:196,0
DA:197,0
DA:198,0
DA:199,0
DA:200,0
DA:204,0
DA:210,0
DA:211,0
DA:212,0
DA:213,0
DA:215,0
DA:216,0
DA:218,0
DA:220,0
DA:221,0
DA:222,0
DA:224,0
DA:225,0
DA:227,0
DA:229,0
DA:230,0
DA:231,0
DA:232,0
DA:233,0
DA:235,0
DA:237,0
DA:238,0
DA:239,0
DA:240,0
DA:241,0
DA:242,0
DA:245,0
DA:246,0
DA:250,0
DA:261,0
DA:262,0
DA:263,0
DA:264,0
DA:266,0
DA:267,0
DA:268,0
DA:269,0
DA:270,0
DA:271,0
DA:272,0
DA:273,0
DA:274,0
DA:275,0
DA:276,0
DA:277,0
DA:281,0
DA:282,0
DA:283,0
DA:284,0
DA:285,0
DA:286,0
DA:287,0
DA:291,0
DA:300,0
DA:303,0
DA:306,0
DA:307,0
DA:308,0
DA:309,0
DA:310,0
DA:311,0
DA:314,0
DA:316,0
DA:317,0
DA:318,0
DA:319,0
DA:322,0
DA:323,0
DA:324,0
DA:325,0
DA:326,0
DA:327,0
DA:328,0
DA:329,0
DA:333,0
DA:334,0
DA:335,0
DA:336,0
DA:340,0
DA:341,0
DA:342,0
DA:343,0
DA:347,0
DA:351,0
DA:353,0
DA:354,0
DA:355,0
DA:357,0
DA:359,0
DA:361,0
DA:362,0
DA:363,0
DA:364,0
DA:365,0
DA:367,0
DA:378,0
DA:379,0
DA:380,0
DA:381,0
DA:383,0
DA:385,0
DA:386,0
DA:388,0
DA:389,0
DA:390,0
DA:391,0
DA:392,0
DA:393,0
DA:396,0
DA:397,0
DA:398,0
DA:399,0
DA:400,0
DA:401,0
DA:402,0
DA:403,0
DA:404,0
DA:408,0
DA:414,0
DA:415,0
DA:416,0
DA:418,0
DA:419,0
DA:421,0
DA:422,0
DA:424,0
DA:425,0
DA:426,0
DA:432,0
DA:433,0
DA:435,0
DA:437,0
DA:438,0
DA:439,0
DA:441,0
DA:445,0
DA:446,0
DA:447,0
DA:448,0
DA:449,0
DA:451,0
DA:452,0
DA:453,0
DA:455,0
DA:457,0
DA:458,0
DA:459,0
DA:460,0
DA:464,0
DA:468,0
DA:469,0
DA:470,0
DA:471,0
DA:473,0
DA:474,0
DA:475,0
DA:477,0
DA:478,0
DA:480,0
DA:483,0
DA:486,0
DA:487,0
DA:488,0
DA:489,0
DA:490,0
DA:491,0
end_of_record

SF:/Users/owenthurm/Desktop/foil/packages/protocol/src/contracts/modules/NftModule.sol
DA:10,0
DA:11,0
DA:13,0
DA:15,0
DA:16,0
DA:17,0
DA:20,0
DA:23,0
DA:25,0
DA:26,0
DA:27,0
DA:30,0
DA:33,0
DA:34,0
DA:37,0
DA:38,0
DA:41,0
DA:43,0
DA:44,0
DA:45,0
DA:48,0
DA:50,0
DA:51,0
DA:53,0
DA:58,0
DA:59,0
DA:60,0
DA:62,0
DA:63,0
DA:66,0
DA:67,0
DA:68,0
DA:70,0
DA:73,0
DA:76,0
DA:78,0
DA:79,0
DA:80,0
DA:83,0
DA:86,0
DA:90,0
DA:91,0
DA:94,0
DA:96,0
DA:98,0
DA:101,0
DA:104,0
DA:105,0
DA:108,0
DA:113,0
DA:114,0
DA:115,0
DA:116,0
DA:119,0
DA:122,0
DA:125,0
DA:130,0
DA:133,0
DA:139,0
DA:140,0
DA:141,0
DA:142,0
DA:145,0
DA:148,0
DA:149,0
DA:150,0
DA:162,0
DA:165,0
DA:166,0
DA:167,0
DA:169,0
DA:175,0
DA:176,0
DA:182,0
DA:184,0
DA:185,0
DA:186,0
DA:188,0
end_of_record

SF:/Users/owenthurm/Desktop/foil/packages/protocol/src/contracts/modules/SettlementModule.sol
DA:18,0
DA:22,0
DA:24,0
DA:25,0
DA:27,0
DA:28,0
DA:29,0
DA:32,0
DA:33,0
DA:35,0
DA:37,0
DA:38,0
DA:42,0
DA:43,0
DA:47,0
DA:48,0
DA:51,0
DA:54,0
DA:55,0
DA:56,0
DA:57,0
DA:58,0
DA:60,0
DA:61,0
DA:63,0
DA:66,0
DA:68,0
DA:71,0
DA:75,0
DA:77,0
DA:78,0
DA:81,0
DA:82,0
DA:85,0
DA:89,0
DA:90,0
DA:91,0
DA:98,0
DA:99,0
DA:101,0
end_of_record

SF:/Users/owenthurm/Desktop/foil/packages/protocol/src/contracts/modules/TradeModule.sol
DA:19,0
DA:29,0
DA:34,0
DA:35,0
DA:37,0
DA:38,0
DA:41,0
DA:44,0
DA:47,0
DA:48,0
DA:49,0
DA:50,0
DA:51,0
DA:52,0
DA:55,0
DA:56,0
DA:57,0
DA:59,0
DA:62,0
DA:63,0
DA:64,0
DA:65,0
DA:67,0
DA:68,0
DA:73,0
DA:75,0
DA:80,0
DA:84,0
DA:85,0
DA:86,0
DA:87,0
DA:92,0
DA:95,0
DA:97,0
DA:99,0
DA:101,0
DA:102,0
DA:103,0
DA:104,0
DA:105,0
DA:106,0
DA:107,0
DA:108,0
DA:109,0
DA:110,0
DA:111,0
DA:118,0
DA:123,0
DA:124,0
DA:126,0
DA:127,0
DA:130,0
DA:132,0
DA:133,0
DA:136,0
DA:137,0
DA:138,0
DA:141,0
DA:144,0
DA:146,0
DA:148,0
DA:149,0
DA:150,0
DA:151,0
DA:153,0
DA:154,0
DA:159,0
DA:161,0
DA:166,0
DA:169,0
DA:173,0
DA:176,0
DA:178,0
DA:182,0
DA:184,0
DA:190,0
DA:191,0
DA:192,0
DA:194,0
DA:195,0
DA:196,0
DA:202,0
DA:205,0
DA:208,0
DA:211,0
DA:215,0
DA:217,0
DA:220,0
DA:221,0
DA:225,0
DA:226,0
DA:230,0
DA:233,0
DA:236,0
DA:238,0
DA:240,0
DA:241,0
DA:242,0
DA:243,0
DA:244,0
DA:245,0
DA:246,0
DA:247,0
DA:248,0
DA:249,0
DA:250,0
DA:254,0
DA:258,0
DA:259,0
DA:261,0
DA:262,0
DA:263,0
DA:266,0
DA:267,0
DA:269,0
DA:270,0
DA:271,0
DA:278,0
DA:281,0
DA:282,0
DA:283,0
DA:286,0
DA:289,0
DA:291,0
DA:292,0
DA:294,0
DA:301,0
DA:304,0
DA:306,0
DA:307,0
DA:310,0
DA:313,0
DA:315,0
DA:316,0
DA:319,0
DA:321,0
DA:322,0
DA:326,0
DA:328,0
DA:331,0
DA:335,0
DA:336,0
DA:338,0
DA:339,0
DA:340,0
DA:345,0
DA:348,0
DA:349,0
DA:350,0
DA:352,0
DA:353,0
DA:354,0
DA:355,0
DA:356,0
DA:359,0
DA:360,0
DA:361,0
DA:362,0
DA:363,0
DA:367,0
DA:370,0
DA:371,0
DA:373,0
DA:375,0
DA:376,0
DA:377,0
DA:378,0
DA:379,0
DA:382,0
DA:383,0
DA:384,0
DA:385,0
DA:386,0
DA:390,0
DA:393,0
DA:394,0
DA:396,0
DA:397,0
DA:398,0
DA:399,0
DA:400,0
DA:403,0
DA:404,0
DA:405,0
DA:411,0
DA:414,0
DA:415,0
DA:417,0
DA:418,0
DA:419,0
DA:420,0
DA:421,0
DA:424,0
DA:425,0
DA:427,0
DA:432,0
DA:439,0
DA:440,0
DA:441,0
DA:442,0
DA:444,0
DA:445,0
DA:446,0
DA:447,0
DA:448,0
DA:449,0
DA:450,0
DA:453,0
DA:456,0
DA:457,0
DA:460,0
DA:463,0
DA:464,0
DA:466,0
DA:470,0
DA:477,0
DA:483,0
DA:484,0
DA:485,0
DA:486,0
DA:487,0
DA:488,0
DA:491,0
DA:494,0
DA:495,0
end_of_record

SF:/Users/owenthurm/Desktop/foil/packages/protocol/src/contracts/modules/UMASettlementModule.sol
DA:12,0
DA:16,0
DA:19,0
DA:20,0
DA:21,0
DA:23,0
DA:25,0
DA:26,0
DA:29,0
DA:30,0
DA:31,0
DA:32,0
DA:34,0
DA:36,0
DA:39,0
DA:41,0
DA:43,0
DA:45,0
DA:47,0
DA:50,0
DA:51,0
DA:52,0
DA:53,0
DA:54,0
DA:55,0
DA:56,0
DA:57,0
DA:58,0
DA:59,0
DA:62,0
DA:64,0
DA:65,0
DA:66,0
DA:71,0
DA:73,0
DA:76,0
DA:79,0
DA:80,0
DA:81,0
DA:82,0
DA:84,0
DA:86,0
DA:88,0
DA:89,0
DA:90,0
DA:91,0
DA:92,0
DA:93,0
DA:94,0
DA:99,0
DA:100,0
DA:101,0
DA:102,0
DA:104,0
DA:106,0
DA:107,0
DA:109,0
DA:112,0
DA:117,0
DA:118,0
DA:121,0
DA:122,0
DA:123,0
DA:128,0
DA:133,0
DA:136,0
DA:137,0
DA:140,0
DA:141,0
DA:142,0
DA:145,0
end_of_record

SF:/Users/owenthurm/Desktop/foil/packages/protocol/src/contracts/modules/ViewsModule.sol
DA:9,29
DA:12,0
DA:17,0
DA:18,0
DA:19,0
DA:22,0
DA:23,0
DA:24,0
DA:25,0
DA:26,0
DA:30,0
DA:37,0
DA:38,0
DA:39,0
DA:40,0
DA:41,0
DA:42,0
DA:43,0
DA:44,0
DA:45,0
DA:46,0
DA:49,0
DA:50,0
DA:51,0
DA:52,0
DA:53,0
DA:54,0
DA:55,0
DA:56,0
DA:57,0
DA:58,0
DA:59,0
DA:60,0
DA:64,5
DA:69,1
DA:70,1
DA:71,1
DA:72,1
DA:73,1
DA:74,1
DA:75,1
DA:76,1
DA:77,1
DA:78,1
DA:79,4
DA:82,9
DA:84,5
DA:85,13
DA:87,0
DA:89,0
DA:90,0
DA:91,0
DA:92,0
DA:93,0
DA:94,0
DA:95,0
DA:96,0
DA:97,0
DA:98,0
DA:99,0
DA:100,0
DA:104,0
DA:106,0
DA:107,0
DA:110,0
DA:112,0
DA:113,0
DA:114,0
end_of_record

SF:/Users/owenthurm/Desktop/foil/packages/protocol/src/contracts/storage/Debt.sol
DA:5,0
end_of_record

SF:/Users/owenthurm/Desktop/foil/packages/protocol/src/contracts/storage/ERC721EnumerableStorage.sol
DA:7,0
DA:11,0
DA:20,0
DA:21,0
DA:27,0
DA:28,0
DA:31,0
DA:34,0
DA:35,0
DA:37,0
DA:38,0
DA:40,0
DA:46,0
DA:47,0
DA:48,0
DA:50,0
DA:53,0
DA:54,0
DA:55,0
DA:56,0
DA:57,0
DA:64,0
DA:65,0
DA:66,0
DA:67,0
DA:78,0
DA:84,0
DA:86,0
DA:87,0
DA:90,0
DA:91,0
DA:93,0
DA:94,0
DA:98,0
DA:99,0
DA:107,0
DA:108,0
DA:113,0
DA:114,0
DA:119,0
DA:121,0
DA:122,0
DA:125,0
DA:126,0
end_of_record

SF:/Users/owenthurm/Desktop/foil/packages/protocol/src/contracts/storage/ERC721Storage.sol
DA:14,0
DA:16,0
DA:28,0
DA:29,0
DA:42,0
DA:43,0
DA:46,0
DA:47,0
DA:50,0
DA:52,0
DA:53,0
DA:78,0
DA:81,0
DA:82,0
DA:86,0
DA:87,0
DA:88,0
DA:91,0
DA:92,0
DA:93,0
DA:94,0
DA:97,0
DA:98,0
DA:101,0
DA:102,0
DA:105,0
DA:107,0
DA:108,0
DA:112,0
DA:131,0
DA:132,0
DA:134,0
DA:135,0
DA:138,0
DA:139,0
DA:142,0
DA:145,0
DA:147,0
DA:148,0
DA:149,0
DA:153,0
DA:156,0
DA:157,0
DA:158,0
DA:161,0
DA:166,0
DA:167,0
DA:168,0
DA:169,0
DA:170,0
DA:171,0
DA:172,0
DA:173,0
DA:176,0
DA:178,0
DA:181,0
DA:185,0
DA:190,0
DA:191,0
DA:192,0
DA:193,0
DA:194,0
DA:195,0
DA:198,0
DA:199,0
DA:200,0
DA:202,0
DA:203,0
end_of_record

SF:/Users/owenthurm/Desktop/foil/packages/protocol/src/contracts/storage/Epoch.sol
DA:20,0
DA:55,0
DA:56,25
DA:63,1
DA:69,1
DA:70,7
DA:71,4
DA:73,2
DA:76,6
DA:77,0
DA:80,7
DA:81,0
DA:84,6
DA:85,0
DA:88,4
DA:89,11
DA:90,7
DA:92,0
DA:96,15
DA:98,3
DA:99,7
DA:102,18
DA:103,19
DA:104,17
DA:105,25
DA:106,19
DA:107,7
DA:108,7
DA:109,20
DA:111,20
DA:112,19
DA:113,20
DA:115,15
DA:117,31
DA:118,2
DA:123,36
DA:124,2
DA:129,10
DA:130,0
DA:131,0
DA:133,15
DA:134,18
DA:138,16
DA:139,57
DA:140,59
DA:141,10
DA:144,7
DA:145,7
DA:146,6
DA:149,40
DA:151,71
DA:153,21
DA:154,6
DA:157,4
DA:158,16
DA:160,0
DA:163,0
DA:164,0
DA:168,0
DA:169,0
DA:172,0
DA:173,0
DA:174,0
DA:176,0
DA:177,0
DA:178,0
DA:182,0
DA:183,0
DA:184,0
DA:186,0
DA:187,0
DA:188,0
DA:192,0
DA:193,0
DA:195,0
DA:196,0
DA:200,0
DA:204,0
DA:205,0
DA:207,0
DA:208,0
DA:209,0
DA:210,0
DA:213,0
DA:214,0
DA:215,0
DA:219,0
DA:220,0
DA:221,0
DA:225,0
DA:226,0
DA:227,0
DA:230,0
DA:231,0
DA:244,0
DA:250,0
DA:251,0
DA:252,0
DA:253,0
DA:254,0
DA:255,0
DA:256,0
DA:257,0
DA:260,0
DA:261,0
DA:262,0
DA:263,0
DA:264,0
DA:265,0
DA:266,0
DA:269,0
DA:270,0
DA:271,0
DA:272,0
DA:286,0
DA:295,0
DA:296,0
DA:297,0
DA:298,0
DA:299,0
DA:300,0
DA:301,0
DA:302,0
DA:305,0
DA:306,0
DA:307,0
DA:308,0
DA:309,0
DA:310,0
DA:311,0
DA:312,0
DA:316,0
DA:323,0
DA:324,0
DA:325,0
DA:326,0
DA:327,0
DA:330,0
DA:331,0
DA:332,0
DA:334,0
DA:335,0
DA:338,0
DA:339,0
DA:340,0
DA:342,0
DA:343,0
DA:347,0
DA:348,0
DA:349,0
DA:350,0
DA:351,0
DA:352,0
DA:353,0
DA:356,0
DA:357,0
DA:358,0
DA:359,0
DA:360,0
DA:361,0
DA:362,0
DA:364,0
DA:365,0
DA:366,0
DA:369,0
DA:372,0
DA:380,0
DA:381,0
DA:382,0
DA:383,0
DA:384,0
DA:385,0
DA:386,0
DA:387,0
DA:390,0
DA:391,0
DA:392,0
DA:393,0
DA:398,0
DA:400,0
DA:401,0
DA:403,0
DA:406,0
DA:407,0
DA:409,0
DA:410,0
DA:411,0
DA:413,0
DA:415,0
DA:416,0
DA:421,0
DA:434,0
DA:436,0
DA:438,0
DA:439,0
DA:440,0
DA:441,0
DA:442,0
DA:443,0
DA:444,0
DA:445,0
DA:446,0
DA:448,0
DA:449,0
DA:450,0
DA:451,0
DA:452,0
DA:453,0
DA:454,0
DA:455,0
DA:456,0
DA:458,0
DA:459,0
DA:460,0
DA:461,0
DA:464,0
DA:469,0
DA:472,0
DA:473,0
DA:478,0
DA:487,0
DA:488,0
DA:489,0
DA:490,0
DA:491,0
DA:494,0
DA:495,0
DA:496,0
DA:499,0
DA:500,0
DA:503,0
DA:504,0
DA:505,0
DA:506,0
DA:509,0
DA:510,0
DA:511,0
DA:512,0
DA:516,0
DA:519,0
DA:522,0
DA:531,0
DA:532,0
DA:533,0
DA:534,0
DA:535,0
DA:538,0
DA:539,0
DA:542,0
DA:543,0
DA:544,0
DA:545,0
DA:548,0
DA:549,0
DA:550,0
DA:551,0
DA:552,0
DA:555,0
DA:558,0
DA:561,0
DA:565,0
DA:566,0
DA:567,0
DA:568,0
DA:570,0
end_of_record

SF:/Users/owenthurm/Desktop/foil/packages/protocol/src/contracts/storage/Errors.sol
DA:5,0
end_of_record

SF:/Users/owenthurm/Desktop/foil/packages/protocol/src/contracts/storage/Market.sol
DA:10,0
DA:25,2
DA:26,2
DA:33,2
DA:39,1
DA:40,5
DA:42,3
DA:43,62
DA:47,6
DA:50,9
DA:51,13
DA:54,13
DA:55,18
DA:56,179
DA:59,18
DA:62,4
DA:63,6
DA:65,8
DA:66,0
DA:69,2
DA:71,1
DA:72,5
DA:74,5
DA:76,179
DA:79,3
DA:81,1
DA:82,13
DA:84,13
DA:85,0
DA:86,0
DA:87,0
DA:91,17
DA:92,0
DA:93,0
DA:94,0
DA:98,3
DA:99,9
DA:100,4
DA:102,10
DA:103,3
DA:104,5
DA:108,3
DA:109,8
DA:112,3
DA:113,5
DA:116,3
DA:117,6
DA:124,3
DA:125,5
DA:128,3
DA:129,5
DA:132,3
DA:133,5
DA:136,3
DA:137,5
DA:142,8
DA:143,8
DA:144,0
DA:145,8
DA:146,0
DA:147,8
DA:148,0
DA:149,8
DA:150,2
DA:152,0
DA:156,5
DA:157,13
DA:158,4
DA:161,0
DA:166,0
DA:170,0
DA:173,0
DA:174,0
DA:175,0
DA:176,0
DA:178,0
DA:179,0
end_of_record

SF:/Users/owenthurm/Desktop/foil/packages/protocol/src/contracts/storage/Position.sol
DA:15,0
DA:55,0
DA:57,0
DA:58,0
DA:65,0
DA:67,0
DA:68,0
DA:69,0
DA:70,0
DA:74,0
DA:76,0
DA:77,0
DA:78,0
DA:81,0
DA:83,0
DA:84,0
DA:87,0
DA:91,0
DA:94,0
DA:95,0
DA:96,0
DA:97,0
DA:98,0
DA:100,0
DA:101,0
DA:102,0
DA:103,0
DA:104,0
DA:106,0
DA:107,0
DA:108,0
DA:109,0
DA:114,0
DA:117,0
DA:118,0
DA:119,0
DA:120,0
DA:121,0
DA:122,0
DA:123,0
DA:127,0
DA:128,0
DA:129,0
DA:132,0
DA:133,0
DA:136,0
DA:137,0
DA:153,0
DA:157,0
DA:158,0
DA:159,0
DA:160,0
DA:161,0
DA:162,0
DA:164,0
DA:165,0
DA:166,0
DA:167,0
DA:168,0
DA:169,0
DA:170,0
DA:171,0
DA:174,0
DA:175,0
DA:177,0
DA:178,0
DA:184,0
DA:187,0
DA:190,0
DA:191,0
DA:194,0
DA:197,0
DA:198,0
DA:200,0
DA:201,0
DA:202,0
DA:205,0
DA:206,0
DA:207,0
DA:208,0
DA:209,0
DA:210,0
DA:211,0
DA:215,0
DA:217,0
DA:218,0
DA:219,0
DA:220,0
DA:223,0
DA:225,0
DA:227,0
DA:230,0
DA:233,0
DA:234,0
DA:237,0
DA:238,0
DA:239,0
DA:242,0
DA:243,0
DA:244,0
DA:245,0
DA:247,0
DA:248,0
DA:252,0
DA:253,0
DA:254,0
DA:255,0
DA:257,0
DA:258,0
DA:262,0
DA:263,0
DA:264,0
DA:265,0
DA:268,0
DA:269,0
DA:270,0
DA:274,0
DA:276,0
DA:277,0
DA:279,0
DA:280,0
DA:281,0
DA:282,0
DA:283,0
end_of_record

SF:/Users/owenthurm/Desktop/foil/packages/protocol/src/contracts/storage/Trade.sol
DA:14,0
DA:18,0
DA:23,0
DA:24,0
DA:25,0
DA:28,0
DA:29,0
DA:32,0
DA:37,0
DA:38,0
DA:39,0
DA:40,0
DA:42,0
DA:43,0
DA:44,0
DA:47,0
DA:48,0
DA:50,0
DA:51,0
DA:52,0
DA:53,0
DA:57,0
DA:59,0
DA:60,0
DA:61,0
DA:70,0
DA:81,0
DA:88,0
DA:89,0
DA:90,0
DA:91,0
DA:94,0
DA:95,0
DA:98,0
DA:103,0
DA:104,0
DA:105,0
DA:106,0
DA:108,0
DA:109,0
DA:110,0
DA:113,0
DA:114,0
DA:116,0
DA:117,0
DA:118,0
DA:119,0
DA:122,0
DA:123,0
DA:128,0
DA:129,0
DA:130,0
DA:136,0
DA:139,0
DA:140,0
DA:142,0
DA:146,0
DA:148,0
DA:149,0
DA:151,0
DA:152,0
DA:154,0
end_of_record

SF:/Users/owenthurm/Desktop/foil/packages/protocol/test/fuzzing/Fuzz.sol
DA:10,173
DA:18,0
end_of_record

SF:/Users/owenthurm/Desktop/foil/packages/protocol/test/fuzzing/FuzzEpochConfigurationModule.sol
DA:8,0
DA:12,11
DA:17,7
DA:18,1
DA:19,1
DA:22,25
DA:23,29
DA:25,5
DA:27,44
DA:28,8
DA:29,3
DA:30,5
DA:31,5
DA:32,3
DA:38,11
DA:41,0
DA:43,7
DA:44,1
DA:45,1
DA:48,25
DA:49,29
DA:51,5
DA:53,48
DA:54,10
DA:55,4
DA:58,6
DA:61,11
DA:63,0
DA:64,7
DA:65,1
DA:68,25
DA:69,29
DA:71,5
DA:73,48
DA:74,5
DA:75,4
DA:76,4
DA:77,4
DA:78,1
DA:81,0
end_of_record

SF:/Users/owenthurm/Desktop/foil/packages/protocol/test/fuzzing/FuzzEpochLiquidityModule.sol
DA:8,0
DA:12,11
DA:16,0
DA:17,1
DA:18,3
DA:19,1
DA:20,1
DA:21,1
DA:24,0
DA:25,0
DA:27,0
DA:29,0
DA:30,0
DA:31,0
DA:33,9
DA:34,0
DA:38,0
DA:39,0
DA:42,0
DA:44,0
DA:45,0
DA:47,0
DA:49,0
DA:50,0
DA:51,0
DA:52,0
DA:56,11
DA:59,69
DA:60,1
DA:61,3
DA:62,1
DA:65,0
DA:66,0
DA:68,0
DA:69,0
DA:70,0
DA:71,0
DA:72,0
DA:73,0
DA:75,0
DA:76,0
DA:77,0
DA:78,0
DA:82,11
DA:83,1
DA:84,4
DA:86,0
DA:87,0
DA:88,0
DA:89,0
DA:90,0
DA:91,0
DA:92,0
DA:93,0
DA:94,0
DA:95,0
DA:96,0
DA:98,0
DA:99,0
DA:100,0
DA:101,0
DA:102,0
DA:103,0
DA:106,0
DA:107,0
DA:108,0
DA:109,0
DA:115,0
DA:116,0
DA:117,0
DA:118,0
DA:123,19
DA:124,1
DA:125,4
DA:127,0
DA:128,0
DA:130,0
DA:131,0
DA:132,0
DA:133,0
DA:134,0
DA:136,0
DA:137,0
DA:138,0
DA:139,0
DA:140,0
DA:141,0
DA:144,0
DA:145,0
DA:146,0
DA:147,0
DA:153,0
DA:155,1
DA:156,0
DA:157,0
DA:158,0
DA:162,9
DA:163,10
DA:164,5
DA:166,0
DA:167,0
DA:183,0
DA:184,0
DA:187,0
DA:188,0
DA:189,0
DA:192,0
DA:193,0
DA:194,0
DA:196,0
DA:197,0
DA:199,0
DA:200,0
DA:201,0
DA:202,0
DA:203,0
DA:205,0
DA:206,0
DA:207,0
DA:209,0
DA:211,0
DA:212,0
DA:213,0
DA:214,0
DA:215,0
DA:217,0
DA:218,0
DA:219,0
DA:220,0
DA:226,0
DA:228,0
end_of_record

SF:/Users/owenthurm/Desktop/foil/packages/protocol/test/fuzzing/FuzzEpochSettlementModule.sol
DA:8,0
DA:12,11
DA:13,5
DA:15,0
DA:17,0
DA:18,0
DA:20,0
DA:22,0
DA:23,0
DA:24,0
DA:27,0
DA:28,0
DA:29,0
DA:30,0
DA:31,0
DA:36,11
DA:37,5
DA:39,0
DA:40,0
DA:42,0
DA:43,0
DA:44,0
DA:47,0
end_of_record

SF:/Users/owenthurm/Desktop/foil/packages/protocol/test/fuzzing/FuzzEpochTradeModule.sol
DA:8,0
DA:12,11
DA:16,1
DA:17,3
DA:18,1
DA:19,1
DA:22,0
DA:23,0
DA:25,0
DA:27,0
DA:28,0
DA:29,0
DA:30,0
DA:31,0
DA:34,0
DA:35,0
DA:36,0
DA:37,0
DA:38,0
DA:39,0
DA:40,0
DA:43,0
DA:44,0
DA:45,0
DA:46,0
DA:50,11
DA:54,1
DA:55,3
DA:56,1
DA:57,1
DA:59,0
DA:61,0
DA:62,0
DA:64,0
DA:65,0
DA:66,0
DA:67,0
DA:68,0
DA:69,0
DA:70,0
DA:72,0
DA:73,0
DA:74,0
DA:75,0
DA:76,0
DA:77,0
DA:78,0
DA:82,0
DA:84,0
DA:85,0
DA:86,0
DA:87,0
DA:92,14
DA:95,4
DA:96,1
DA:97,3
DA:98,1
DA:99,1
DA:102,0
DA:103,0
DA:105,0
DA:107,0
DA:108,0
DA:109,0
DA:110,0
DA:111,0
DA:113,0
DA:115,1
DA:116,0
DA:117,0
DA:118,0
DA:122,11
DA:126,1
DA:127,3
DA:128,1
DA:129,1
DA:132,0
DA:133,0
DA:134,0
DA:135,0
DA:136,0
DA:137,0
DA:138,0
DA:139,0
DA:140,0
DA:142,0
DA:143,0
DA:145,0
DA:146,0
DA:147,0
DA:148,0
DA:153,11
DA:155,0
DA:156,1
DA:157,3
DA:158,1
DA:161,0
DA:162,0
DA:164,0
DA:165,0
DA:166,0
DA:167,0
DA:168,0
DA:169,0
DA:171,0
DA:173,0
end_of_record

SF:/Users/owenthurm/Desktop/foil/packages/protocol/test/fuzzing/FuzzEpochUMASettlementModule.sol
DA:8,0
DA:12,11
DA:13,1
DA:14,3
DA:15,1
DA:18,0
DA:19,0
DA:21,0
DA:22,0
DA:24,0
DA:26,0
DA:27,0
DA:29,0
DA:30,0
DA:31,0
DA:33,0
DA:35,0
DA:37,0
DA:38,0
DA:39,0
DA:40,0
DA:44,11
DA:45,1
DA:46,4
DA:48,0
DA:49,0
DA:51,0
DA:53,5
DA:54,0
DA:55,0
DA:60,6
DA:63,11
DA:66,0
DA:67,1
DA:68,4
DA:70,0
DA:71,0
DA:73,0
DA:75,0
DA:76,0
DA:77,0
DA:80,0
DA:81,0
DA:82,0
DA:85,0
end_of_record

SF:/Users/owenthurm/Desktop/foil/packages/protocol/test/fuzzing/FuzzSetup.sol
DA:8,0
DA:9,0
DA:10,0
DA:11,0
DA:12,0
DA:13,0
DA:15,0
DA:16,0
DA:17,0
DA:19,0
DA:20,0
DA:21,0
DA:23,0
DA:24,0
DA:25,0
DA:26,0
DA:27,0
DA:28,0
DA:29,0
DA:31,0
DA:34,0
DA:35,0
DA:36,0
DA:37,0
DA:38,0
DA:39,0
DA:40,0
DA:41,0
DA:42,0
DA:44,0
DA:45,0
DA:48,0
DA:49,0
DA:50,0
DA:51,0
DA:52,0
DA:53,0
DA:56,0
DA:58,0
DA:59,0
DA:60,0
DA:61,0
DA:62,0
DA:65,0
DA:67,0
DA:68,0
DA:69,0
DA:70,0
DA:71,0
DA:74,0
DA:77,0
DA:78,0
DA:79,0
DA:80,0
DA:81,0
DA:82,0
DA:85,0
DA:87,0
DA:88,0
DA:89,0
DA:90,0
DA:91,0
DA:94,0
DA:96,0
DA:97,0
DA:98,0
DA:99,0
DA:100,0
DA:103,0
DA:105,0
DA:106,0
DA:107,0
DA:108,0
DA:109,0
DA:234,0
DA:235,0
DA:236,0
DA:237,0
DA:238,0
DA:239,0
DA:242,0
DA:244,0
DA:245,0
DA:246,0
DA:247,0
DA:248,0
DA:251,0
DA:253,0
DA:254,0
DA:255,0
DA:256,0
DA:257,0
DA:260,0
DA:262,0
DA:263,0
DA:264,0
DA:265,0
DA:266,0
DA:272,0
DA:273,0
DA:274,0
DA:275,0
DA:276,0
DA:277,0
DA:280,0
DA:282,0
DA:283,0
DA:284,0
DA:285,0
DA:286,0
DA:289,0
DA:291,0
DA:292,0
DA:293,0
DA:294,0
DA:295,0
DA:300,0
DA:301,0
DA:302,0
DA:303,0
DA:304,0
DA:305,0
DA:308,0
DA:310,0
DA:311,0
DA:312,0
DA:313,0
DA:314,0
DA:315,0
DA:318,0
DA:320,0
DA:321,0
DA:322,0
DA:323,0
DA:324,0
DA:327,0
DA:329,0
DA:330,0
DA:331,0
DA:332,0
DA:333,0
DA:336,0
DA:338,0
DA:339,0
DA:340,0
DA:341,0
DA:342,0
DA:348,0
DA:349,0
DA:350,0
DA:351,0
DA:352,0
DA:353,0
DA:356,0
DA:358,0
DA:359,0
DA:360,0
DA:361,0
DA:362,0
DA:366,0
DA:368,0
DA:369,0
DA:370,0
DA:371,0
DA:372,0
DA:375,0
DA:376,0
DA:377,0
DA:378,0
DA:379,0
DA:380,0
DA:383,0
DA:384,0
DA:385,0
DA:386,0
DA:387,0
DA:388,0
DA:391,0
DA:392,0
DA:393,0
DA:394,0
DA:395,0
DA:396,0
DA:399,0
DA:400,0
DA:401,0
DA:402,0
DA:403,0
DA:404,0
DA:407,0
DA:408,0
DA:409,0
DA:410,0
DA:411,0
DA:412,0
DA:415,0
DA:416,0
DA:417,0
DA:418,0
DA:419,0
DA:420,0
DA:426,0
DA:427,0
DA:428,0
DA:431,0
DA:432,0
DA:433,0
DA:436,0
DA:437,0
DA:438,0
DA:439,0
DA:442,0
DA:443,0
DA:446,0
DA:447,0
DA:448,0
DA:449,0
DA:450,0
DA:452,0
DA:453,0
DA:455,0
DA:456,0
DA:458,0
DA:459,0
DA:461,0
DA:462,0
DA:464,0
DA:466,0
DA:467,0
DA:468,0
DA:470,0
end_of_record

SF:/Users/owenthurm/Desktop/foil/packages/protocol/test/fuzzing/Proxy.sol
DA:11,7
DA:13,0
DA:16,0
end_of_record

SF:/Users/owenthurm/Desktop/foil/packages/protocol/test/fuzzing/helper/BeforeAfter.sol
DA:60,3
DA:61,6
DA:64,1
DA:65,5
DA:68,1
DA:69,5
DA:70,5
DA:71,5
DA:72,5
DA:74,13
DA:75,14
DA:81,1
DA:82,10
DA:83,4
DA:84,0
DA:85,0
DA:100,0
DA:102,0
DA:103,0
DA:106,0
DA:107,0
DA:109,0
DA:110,0
DA:111,0
DA:112,0
DA:114,0
DA:115,0
DA:116,0
DA:120,0
DA:121,0
DA:126,0
DA:127,0
DA:128,0
DA:130,0
DA:132,0
DA:135,0
DA:136,0
DA:138,0
DA:139,0
DA:140,0
DA:141,0
DA:143,0
DA:144,0
DA:145,0
DA:149,0
DA:150,0
DA:152,0
DA:153,0
DA:155,0
DA:156,0
DA:157,0
DA:158,0
DA:160,0
DA:161,0
DA:162,0
DA:170,3
DA:171,19
DA:172,3
DA:174,4
DA:176,10
DA:177,6
DA:180,0
DA:181,0
DA:198,0
DA:201,0
DA:202,0
DA:205,0
DA:206,0
DA:207,0
DA:209,0
DA:211,0
DA:212,0
DA:213,0
DA:215,0
DA:216,0
DA:217,0
DA:221,0
DA:224,0
DA:235,0
DA:236,0
DA:237,0
DA:238,0
DA:242,0
DA:243,0
DA:244,0
DA:245,0
DA:247,0
DA:248,0
DA:249,0
DA:250,0
DA:253,0
DA:254,0
DA:255,0
DA:256,0
DA:257,0
DA:258,0
DA:259,0
DA:260,0
DA:261,0
DA:263,0
DA:264,0
DA:267,0
DA:268,0
DA:269,0
DA:270,0
DA:271,0
DA:272,0
DA:275,0
DA:276,0
DA:278,0
DA:280,0
DA:281,0
DA:285,0
DA:286,0
DA:287,0
DA:288,0
DA:289,0
DA:292,0
DA:295,0
DA:299,1
DA:300,18
DA:301,3
DA:303,8
DA:304,5
DA:306,0
DA:307,0
DA:322,0
DA:323,0
DA:325,0
DA:326,0
DA:327,0
DA:330,0
DA:331,0
DA:332,0
DA:334,0
DA:336,0
DA:338,0
DA:339,0
DA:341,0
DA:343,0
DA:347,3
DA:350,1
DA:351,4
DA:352,20
DA:353,5
DA:354,8
DA:355,4
DA:357,0
DA:358,0
DA:374,0
DA:375,0
DA:379,0
DA:380,0
DA:381,0
DA:382,0
DA:383,0
DA:386,0
DA:387,0
DA:388,0
DA:389,0
DA:390,0
DA:392,0
DA:393,0
DA:424,0
DA:429,0
DA:431,0
DA:432,0
DA:434,0
DA:435,0
DA:437,0
DA:440,0
DA:441,0
DA:445,0
DA:446,0
DA:449,0
DA:452,0
DA:455,0
DA:456,0
DA:457,0
DA:458,0
DA:459,0
DA:461,0
DA:462,0
DA:464,0
DA:467,2
DA:468,10
DA:469,7
DA:471,0
DA:472,0
DA:489,0
DA:492,0
DA:493,0
end_of_record

SF:/Users/owenthurm/Desktop/foil/packages/protocol/test/fuzzing/helper/FoilUniswapCoverage.sol
DA:9,0
DA:12,0
DA:14,0
DA:15,0
DA:16,0
DA:17,0
DA:19,0
DA:23,0
DA:24,0
DA:25,0
DA:26,0
DA:28,0
DA:32,0
DA:33,0
DA:35,0
DA:39,0
DA:40,0
DA:41,0
DA:42,0
DA:43,0
DA:44,0
DA:45,0
DA:46,0
DA:48,0
DA:52,0
DA:53,0
DA:54,0
DA:55,0
DA:56,0
DA:57,0
DA:59,0
DA:63,0
DA:64,0
DA:65,0
DA:66,0
DA:67,0
DA:68,0
DA:70,0
DA:74,0
DA:75,0
DA:76,0
DA:77,0
DA:78,0
DA:79,0
DA:81,0
DA:85,0
DA:86,0
DA:87,0
DA:88,0
DA:89,0
DA:90,0
DA:92,0
DA:96,0
DA:97,0
DA:99,0
DA:103,0
DA:104,0
DA:106,0
DA:110,0
DA:111,0
DA:114,0
DA:115,0
DA:118,0
DA:119,0
DA:122,0
DA:123,0
DA:126,0
DA:127,0
DA:128,0
DA:130,0
DA:134,1
DA:135,10
DA:136,4
DA:137,0
DA:138,0
DA:154,0
DA:155,0
DA:156,0
DA:157,0
DA:161,0
DA:162,0
DA:163,0
DA:165,0
DA:166,0
DA:167,0
DA:168,0
DA:170,0
DA:171,0
DA:172,0
DA:175,0
DA:176,0
DA:182,0
DA:183,0
DA:184,0
DA:185,0
DA:186,0
DA:187,0
DA:188,0
DA:190,0
DA:194,0
DA:195,0
DA:197,0
DA:198,0
end_of_record

SF:/Users/owenthurm/Desktop/foil/packages/protocol/test/fuzzing/helper/FuzzStorageVariables.sol
DA:31,0
DA:33,0
DA:46,0
end_of_record

SF:/Users/owenthurm/Desktop/foil/packages/protocol/test/fuzzing/helper/postconditions/PostconditionsBase.sol
DA:7,1
DA:11,4
DA:12,3
end_of_record

SF:/Users/owenthurm/Desktop/foil/packages/protocol/test/fuzzing/helper/postconditions/PostconditionsEpochConfigurationModule.sol
DA:35,0
DA:40,0
DA:41,0
DA:43,0
end_of_record

SF:/Users/owenthurm/Desktop/foil/packages/protocol/test/fuzzing/helper/postconditions/PostconditionsEpochLiquidityModule.sol
DA:7,0
DA:12,0
DA:13,0
DA:14,0
DA:15,0
DA:54,4
DA:59,0
DA:60,0
DA:61,1
DA:63,20
DA:69,0
DA:73,0
DA:74,0
DA:75,0
DA:76,0
DA:77,0
end_of_record

SF:/Users/owenthurm/Desktop/foil/packages/protocol/test/fuzzing/helper/postconditions/PostconditionsEpochSettlementModule.sol
DA:21,0
DA:26,0
DA:27,0
DA:29,0
DA:31,0
end_of_record

SF:/Users/owenthurm/Desktop/foil/packages/protocol/test/fuzzing/helper/postconditions/PostconditionsEpochTradeModule.sol
DA:7,0
DA:12,0
DA:13,0
DA:37,0
DA:42,0
DA:43,0
DA:44,0
DA:45,0
DA:47,0
DA:49,0
DA:73,0
DA:78,0
DA:79,0
DA:80,0
end_of_record

SF:/Users/owenthurm/Desktop/foil/packages/protocol/test/fuzzing/helper/postconditions/PostconditionsEpochUMASettlementModule.sol
DA:21,1
DA:26,4
DA:27,4
DA:29,0
end_of_record

SF:/Users/owenthurm/Desktop/foil/packages/protocol/test/fuzzing/helper/preconditions/PreconditionsBase.sol
DA:14,160
DA:15,208
DA:16,112
DA:18,0
DA:20,768
DA:25,0
DA:31,0
DA:33,0
DA:34,0
DA:36,0
DA:37,0
DA:52,0
DA:54,0
DA:55,0
DA:57,0
DA:58,0
DA:59,0
DA:60,0
DA:61,0
DA:62,0
DA:65,0
DA:67,0
DA:68,0
DA:74,8
DA:79,0
DA:80,0
DA:81,0
DA:82,0
DA:83,0
DA:85,0
DA:86,0
DA:87,0
DA:88,0
DA:89,0
DA:91,0
DA:93,0
DA:95,0
DA:97,0
DA:99,0
DA:130,5
DA:136,1
DA:137,0
DA:139,0
DA:143,0
DA:149,0
DA:150,0
DA:151,0
DA:152,0
DA:153,0
DA:154,0
DA:155,0
DA:156,0
DA:172,8
DA:176,1
DA:177,4
DA:178,0
DA:179,0
DA:180,0
DA:182,0
DA:184,0
DA:185,0
DA:188,1
DA:191,1
DA:192,9
DA:193,24
DA:195,14
DA:199,3
DA:203,2
DA:204,3
DA:205,34
DA:208,22
DA:209,4
DA:210,35
DA:212,14
DA:213,6
DA:216,0
DA:218,0
DA:219,0
DA:220,0
DA:222,0
DA:223,0
DA:238,0
DA:240,0
DA:242,0
DA:243,0
DA:246,0
DA:248,0
DA:250,0
DA:252,0
DA:254,0
DA:255,0
DA:259,0
DA:260,0
DA:261,0
DA:263,0
DA:265,0
DA:280,0
DA:281,0
DA:284,0
DA:285,0
DA:286,0
DA:287,0
DA:289,0
DA:290,0
DA:291,0
DA:294,0
DA:298,0
DA:299,0
DA:300,0
DA:302,0
DA:304,0
DA:305,0
DA:306,0
DA:307,0
DA:310,0
DA:313,0
DA:314,0
DA:323,0
DA:324,0
DA:325,0
DA:330,0
DA:331,0
DA:332,0
DA:334,0
DA:336,0
DA:338,0
DA:339,0
DA:340,0
DA:343,0
DA:347,0
DA:348,0
DA:359,0
DA:361,0
DA:362,0
DA:363,0
DA:365,0
DA:366,0
DA:368,0
end_of_record

SF:/Users/owenthurm/Desktop/foil/packages/protocol/test/fuzzing/helper/preconditions/PreconditionsEpochConfigurationModule.sol
DA:24,2
DA:28,11
DA:29,1
DA:30,2
DA:34,7
DA:35,8
DA:36,8
DA:37,8
DA:38,7
DA:40,24
DA:41,25
DA:43,70
DA:44,5
DA:45,7
DA:46,1
DA:47,1
DA:48,5
DA:49,1
DA:51,6
DA:52,4
DA:53,4
DA:54,4
DA:58,3
DA:60,2
DA:61,4
DA:62,10
DA:64,11
DA:65,2
DA:66,9
DA:67,5
end_of_record

SF:/Users/owenthurm/Desktop/foil/packages/protocol/test/fuzzing/helper/preconditions/PreconditionsEpochLiquidityModule.sol
DA:21,1
DA:25,2
DA:26,3
DA:28,0
DA:29,0
DA:31,0
DA:34,0
DA:35,0
DA:37,0
DA:38,0
DA:42,0
DA:43,0
DA:44,0
DA:45,0
DA:46,0
DA:47,0
DA:49,0
DA:51,0
DA:52,0
DA:56,0
DA:57,0
DA:58,0
DA:59,0
DA:62,0
DA:63,0
DA:64,0
DA:66,0
DA:67,0
DA:68,0
DA:69,0
DA:71,0
DA:72,0
DA:73,0
DA:74,0
DA:86,1
DA:88,4
DA:89,9
DA:91,0
DA:94,0
DA:95,0
DA:98,0
DA:100,0
DA:101,0
DA:102,0
DA:103,0
DA:117,1
DA:119,2
DA:120,4
DA:121,4
DA:122,1
DA:126,0
DA:127,0
DA:129,0
DA:131,0
DA:132,0
DA:134,0
DA:135,0
DA:138,0
DA:139,0
DA:140,0
DA:142,0
DA:143,0
DA:144,0
DA:145,0
DA:148,0
DA:150,0
DA:151,0
DA:152,0
DA:155,1
DA:157,4
DA:158,9
DA:160,0
DA:163,0
DA:164,0
DA:168,0
DA:169,0
DA:170,0
DA:173,2
DA:175,0
DA:176,0
DA:177,0
DA:179,1
DA:180,0
DA:181,0
DA:184,0
DA:185,0
DA:188,0
DA:189,0
DA:191,0
DA:196,0
DA:197,0
DA:198,0
DA:200,0
DA:201,0
DA:202,0
DA:204,0
DA:205,0
DA:207,0
DA:208,0
DA:211,1
end_of_record

SF:/Users/owenthurm/Desktop/foil/packages/protocol/test/fuzzing/helper/preconditions/PreconditionsEpochSettlementModule.sol
DA:9,1
DA:11,2
DA:13,4
DA:14,4
DA:15,1
DA:20,3
DA:22,3
DA:23,1
DA:24,5
DA:25,3
DA:26,1
end_of_record

SF:/Users/owenthurm/Desktop/foil/packages/protocol/test/fuzzing/helper/preconditions/PreconditionsEpochTradeModule.sol
DA:23,1
DA:26,4
DA:27,3
DA:28,0
DA:30,0
DA:33,0
DA:35,0
DA:37,0
DA:38,0
DA:39,0
DA:49,0
DA:50,0
DA:52,0
DA:55,0
DA:56,0
DA:59,1
DA:62,4
DA:63,3
DA:64,0
DA:67,0
DA:69,0
DA:96,1
DA:99,4
DA:100,4
DA:101,4
DA:102,1
DA:106,0
DA:108,0
DA:111,0
DA:116,0
DA:118,0
DA:119,0
DA:120,0
DA:123,0
DA:124,0
DA:130,0
DA:131,0
DA:133,0
DA:135,0
DA:136,0
DA:137,0
DA:138,0
DA:139,0
DA:142,0
DA:143,0
DA:146,1
DA:149,4
DA:150,4
DA:151,4
DA:152,1
DA:155,0
DA:156,0
DA:158,0
DA:159,0
DA:162,0
DA:163,0
DA:164,0
DA:165,0
DA:166,0
DA:167,0
DA:168,0
DA:171,0
DA:172,0
DA:173,0
DA:174,0
DA:175,0
DA:179,0
DA:185,0
DA:186,0
DA:188,0
DA:190,0
DA:191,0
DA:192,0
DA:193,0
DA:196,0
DA:197,0
DA:198,0
DA:202,1
DA:204,4
DA:205,4
DA:206,4
DA:207,1
DA:212,0
DA:213,0
DA:215,0
DA:219,0
DA:220,0
DA:221,0
DA:222,0
end_of_record

SF:/Users/owenthurm/Desktop/foil/packages/protocol/test/fuzzing/helper/preconditions/PreconditionsEpochUMASettlementModule.sol
DA:22,1
DA:24,0
DA:25,3
DA:27,0
DA:29,0
DA:31,0
DA:33,0
DA:35,0
DA:36,0
DA:37,0
DA:38,0
DA:40,0
DA:42,0
DA:43,0
DA:45,0
DA:47,0
DA:48,0
DA:50,0
DA:56,1
DA:59,4
DA:61,0
DA:62,0
DA:65,0
DA:68,1
DA:71,4
DA:73,0
DA:74,0
DA:77,0
end_of_record

SF:/Users/owenthurm/Desktop/foil/packages/protocol/test/fuzzing/mocks/MockERC20.sol
DA:5,44
DA:8,0
DA:12,0
DA:13,0
DA:16,4
DA:17,6
DA:20,0
DA:21,0
DA:24,0
DA:25,0
end_of_record

SF:/Users/owenthurm/Desktop/foil/packages/protocol/test/fuzzing/mocks/MockLensModule.sol
DA:13,0
DA:18,0
DA:23,0
DA:24,0
DA:25,0
DA:26,0
DA:27,0
DA:30,0
DA:31,0
DA:32,0
DA:34,0
DA:35,0
DA:36,0
DA:39,0
DA:40,0
DA:41,0
DA:42,0
DA:45,0
DA:46,0
DA:47,0
DA:50,0
DA:51,0
DA:52,0
DA:55,0
DA:56,0
DA:57,0
DA:60,0
DA:61,0
DA:63,0
DA:64,0
DA:68,0
DA:70,0
DA:71,0
DA:72,0
DA:75,0
DA:79,0
DA:80,0
DA:81,0
DA:82,0
DA:83,0
DA:84,0
DA:88,0
DA:90,0
DA:91,0
DA:92,0
end_of_record

SF:/Users/owenthurm/Desktop/foil/packages/protocol/test/fuzzing/mocks/MockRouter.sol
DA:4,18
DA:15,0
DA:19,0
DA:20,0
DA:21,0
DA:22,0
DA:28,4
DA:29,14
DA:31,3
DA:32,0
DA:37,4
DA:39,1
DA:40,1
DA:41,1
DA:42,1
DA:43,1
DA:44,1
DA:45,1
DA:47,4
DA:49,1
DA:50,5
DA:51,3
DA:54,3
end_of_record

SF:/Users/owenthurm/Desktop/foil/packages/protocol/test/fuzzing/mocks/MockUMA.sol
DA:11,0
DA:96,0
DA:97,0
DA:98,0
DA:99,0
DA:101,0
DA:111,0
DA:112,0
DA:114,0
DA:115,0
DA:118,0
DA:119,0
DA:123,0
DA:127,0
DA:130,0
DA:131,0
DA:132,0
DA:133,0
DA:134,0
DA:135,0
DA:136,0
DA:139,0
DA:140,0
DA:141,0
DA:142,0
DA:143,0
DA:144,0
DA:145,0
DA:146,0
DA:147,0
DA:148,0
DA:149,0
DA:150,0
DA:153,0
DA:156,0
DA:160,0
DA:161,0
DA:162,0
DA:164,0
DA:166,0
DA:167,0
DA:172,0
DA:176,0
DA:180,0
DA:181,0
DA:182,0
DA:183,0
DA:185,0
DA:187,0
DA:188,0
DA:189,0
DA:190,0
DA:192,0
DA:195,0
DA:196,0
DA:197,0
DA:203,0
DA:207,0
DA:209,0
DA:210,0
DA:211,0
DA:214,0
DA:218,0
end_of_record

SF:/Users/owenthurm/Desktop/foil/packages/protocol/test/fuzzing/mocks/WETH.sol
DA:22,47
DA:23,8
DA:24,0
DA:25,0
DA:32,27
DA:33,0
DA:36,0
DA:43,0
DA:44,0
DA:45,0
DA:48,0
DA:49,0
DA:50,0
DA:51,0
DA:52,0
DA:55,4
DA:56,0
DA:59,0
DA:60,0
DA:61,0
DA:62,0
DA:65,2
DA:66,2
DA:69,0
DA:73,0
DA:74,0
DA:76,0
DA:77,0
DA:79,0
DA:80,0
DA:83,0
DA:84,0
DA:86,0
DA:88,0
end_of_record

SF:/Users/owenthurm/Desktop/foil/packages/protocol/test/fuzzing/properties/Properties.sol
DA:17,0
DA:18,0
DA:19,0
DA:23,0
DA:25,0
DA:26,0
DA:28,0
DA:30,0
DA:31,0
DA:32,0
DA:34,0
DA:40,1
DA:41,89
DA:42,89
DA:44,90
DA:45,63
DA:48,1
DA:49,83
DA:50,88
DA:52,87
DA:53,61
end_of_record

SF:/Users/owenthurm/Desktop/foil/packages/protocol/test/fuzzing/properties/PropertiesBase.sol
DA:60,0
DA:65,0
DA:66,0
DA:67,0
DA:68,0
DA:69,0
DA:70,0
DA:73,0
DA:75,0
DA:76,0
DA:77,0
DA:78,0
DA:79,0
DA:81,0
DA:82,0
DA:83,0
end_of_record

SF:/Users/owenthurm/Desktop/foil/packages/protocol/test/fuzzing/properties/PropertiesDescriptions.sol
end_of_record

SF:/Users/owenthurm/Desktop/foil/packages/protocol/test/fuzzing/properties/Properties_CONF.sol
end_of_record

SF:/Users/owenthurm/Desktop/foil/packages/protocol/test/fuzzing/properties/Properties_LIQ.sol
DA:9,0
DA:10,0
DA:11,0
DA:14,0
DA:15,0
DA:16,0
DA:18,0
DA:19,0
DA:20,0
DA:21,0
DA:22,0
DA:23,0
DA:29,0
DA:30,0
DA:31,0
DA:33,0
DA:34,0
DA:35,0
DA:37,0
DA:38,0
DA:39,0
DA:40,0
DA:42,0
DA:44,0
DA:46,0
DA:48,0
DA:51,0
DA:52,0
DA:53,0
DA:54,0
DA:58,0
DA:59,0
DA:61,0
DA:62,0
DA:63,0
DA:64,0
DA:66,0
DA:68,0
DA:70,0
DA:72,0
DA:75,0
DA:76,0
DA:77,0
DA:78,0
DA:84,0
DA:85,26
end_of_record

SF:/Users/owenthurm/Desktop/foil/packages/protocol/test/fuzzing/properties/Properties_SET.sol
end_of_record

SF:/Users/owenthurm/Desktop/foil/packages/protocol/test/fuzzing/properties/Properties_TRD.sol
DA:9,0
DA:10,0
DA:11,0
DA:14,0
DA:15,0
DA:16,0
DA:18,0
DA:19,0
DA:24,0
DA:25,0
DA:26,0
DA:29,0
DA:30,0
DA:31,0
DA:34,0
DA:35,0
DA:36,0
DA:37,0
DA:39,0
DA:41,0
DA:43,0
DA:45,0
DA:48,0
DA:49,0
DA:50,0
DA:51,0
DA:55,0
DA:56,0
DA:57,0
DA:58,0
DA:60,0
DA:62,0
DA:64,0
DA:66,0
DA:69,0
DA:70,0
DA:71,0
DA:72,0
end_of_record

SF:/Users/owenthurm/Desktop/foil/packages/protocol/test/fuzzing/properties/Properties_UMA.sol
end_of_record

SF:/Users/owenthurm/Desktop/foil/packages/protocol/test/fuzzing/util/FunctionCalls.sol
DA:8,0
DA:127,1
DA:132,3
DA:133,12
DA:141,6
DA:142,8
DA:143,1
DA:144,2
DA:145,2
DA:146,2
DA:147,2
DA:152,1
DA:154,3
DA:155,12
DA:157,6
DA:158,8
DA:159,1
DA:160,2
DA:165,1
DA:170,2
DA:171,14
DA:173,6
DA:174,6
DA:175,1
DA:184,0
DA:186,0
DA:187,0
DA:188,0
DA:189,0
DA:190,0
DA:196,2
DA:198,0
DA:199,0
DA:200,62
DA:201,30
DA:202,0
DA:203,0
DA:207,0
DA:209,0
DA:210,0
DA:211,0
DA:212,0
DA:213,0
DA:217,0
DA:219,0
DA:220,0
DA:221,0
DA:222,0
DA:223,0
DA:229,0
DA:235,0
DA:236,0
DA:237,0
DA:238,0
DA:239,0
DA:240,0
DA:241,0
DA:244,0
DA:245,0
DA:246,0
DA:247,0
DA:248,0
DA:249,0
DA:250,0
DA:251,0
DA:252,0
DA:442,0
DA:447,0
DA:448,0
DA:449,0
DA:450,0
DA:451,0
DA:452,0
DA:455,0
DA:456,0
DA:457,0
DA:458,0
DA:459,0
DA:460,0
DA:461,0
DA:462,0
DA:467,2
DA:472,0
DA:473,0
DA:474,0
DA:475,0
DA:476,0
DA:477,0
DA:480,0
DA:481,62
DA:482,30
DA:483,0
DA:484,0
DA:485,0
DA:486,0
DA:487,0
DA:492,0
DA:495,0
DA:496,0
DA:498,0
DA:499,0
DA:500,0
DA:501,0
DA:502,0
DA:503,0
DA:508,0
DA:511,0
DA:512,0
DA:514,0
DA:515,0
DA:516,0
DA:517,0
DA:518,0
DA:519,0
DA:524,0
DA:527,0
DA:528,0
DA:530,0
DA:531,0
DA:532,0
DA:533,0
DA:534,0
DA:567,0
DA:569,0
DA:570,0
DA:571,0
DA:572,0
DA:573,0
DA:574,0
DA:603,3
DA:605,6
DA:607,5
DA:609,64
DA:610,21
DA:614,0
DA:616,0
DA:617,0
DA:619,0
DA:620,0
DA:621,0
DA:622,0
DA:628,0
DA:630,0
DA:631,0
DA:633,0
DA:634,0
DA:635,0
DA:636,0
DA:642,0
DA:644,0
DA:645,0
DA:647,0
DA:648,0
DA:649,0
DA:652,0
DA:654,0
DA:655,0
DA:657,0
DA:658,0
DA:659,0
DA:660,0
DA:703,0
DA:705,0
DA:706,0
DA:708,0
DA:709,0
DA:710,0
DA:714,0
DA:716,0
DA:717,0
DA:719,0
DA:720,0
DA:721,0
DA:724,0
DA:726,0
DA:728,0
DA:730,0
DA:731,0
DA:732,0
DA:735,0
DA:737,0
DA:738,0
DA:740,0
DA:741,0
DA:742,0
DA:746,0
DA:749,0
DA:750,0
DA:752,0
DA:754,0
DA:755,0
DA:756,0
DA:757,0
DA:758,0
DA:762,0
DA:765,0
DA:766,0
DA:768,0
DA:770,0
DA:771,0
DA:772,0
end_of_record

SF:/Users/owenthurm/Desktop/foil/packages/protocol/test/fuzzing/util/FuzzConstants.sol
DA:7,16
DA:8,0
DA:9,0
DA:11,0
DA:12,0
DA:14,0
end_of_record

SF:/Users/owenthurm/Desktop/foil/packages/protocol/uniswapv3/v3-core/NoDelegateCall.sol
DA:14,0
DA:19,2
DA:20,7
DA:25,4
DA:26,0
end_of_record

SF:/Users/owenthurm/Desktop/foil/packages/protocol/uniswapv3/v3-core/UniswapV3Factory.sol
DA:14,54
DA:16,0
DA:19,0
DA:21,11
DA:23,0
DA:24,0
DA:25,0
DA:27,0
DA:28,0
DA:29,0
DA:30,0
DA:31,0
DA:32,0
DA:36,17
DA:40,4
DA:41,8
DA:42,16
DA:43,5
DA:44,17
DA:45,6
DA:46,42
DA:47,9
DA:48,57
DA:50,36
DA:51,11
DA:55,0
DA:56,0
DA:57,0
DA:58,0
DA:62,0
DA:63,0
DA:64,0
DA:68,0
DA:69,0
DA:71,0
DA:72,0
end_of_record

SF:/Users/owenthurm/Desktop/foil/packages/protocol/uniswapv3/v3-core/UniswapV3Pool.sol
DA:30,198
DA:42,0
DA:44,24
DA:46,0
DA:48,0
DA:51,9
DA:54,5
DA:74,24
DA:77,0
DA:79,7
DA:87,20
DA:90,12
DA:93,0
DA:95,21
DA:97,50
DA:99,15
DA:105,0
DA:106,0
DA:108,0
DA:113,0
DA:117,0
DA:118,0
DA:119,0
DA:120,0
DA:122,0
DA:126,0
DA:127,0
DA:128,0
DA:129,0
DA:134,1
DA:140,0
DA:141,0
DA:142,0
DA:143,0
DA:144,0
DA:150,0
DA:151,0
DA:152,0
DA:158,0
DA:164,0
DA:165,0
DA:166,0
DA:169,0
DA:171,0
DA:179,0
DA:180,0
DA:183,0
DA:184,0
DA:185,0
DA:186,0
DA:188,0
DA:192,0
DA:193,0
DA:194,0
DA:195,0
DA:197,0
DA:200,0
DA:202,0
DA:203,0
DA:204,0
DA:205,0
DA:206,0
DA:208,0
DA:209,0
DA:210,0
DA:211,0
DA:214,0
DA:215,0
DA:216,0
DA:217,0
DA:219,0
DA:220,0
DA:221,0
DA:222,0
DA:223,0
DA:224,0
DA:228,0
DA:229,0
DA:230,0
DA:236,19
DA:241,0
DA:243,0
DA:244,0
DA:246,0
DA:247,0
DA:248,0
DA:249,0
DA:250,0
DA:255,9
DA:261,0
DA:262,0
DA:263,0
DA:264,0
DA:265,0
DA:266,0
DA:271,16
DA:272,7
DA:274,6
DA:276,1
DA:278,68
DA:288,12
DA:310,0
DA:314,0
DA:315,0
DA:316,0
DA:318,0
DA:319,0
DA:321,0
DA:323,0
DA:324,0
DA:325,0
DA:326,0
DA:327,0
DA:328,0
DA:329,0
DA:331,0
DA:332,0
DA:333,0
DA:336,0
DA:337,0
DA:338,0
DA:339,0
DA:340,0
DA:342,0
DA:343,0
DA:344,0
DA:346,0
DA:349,0
DA:350,0
DA:352,0
DA:353,0
DA:354,0
DA:355,0
DA:357,0
DA:358,0
DA:359,0
DA:360,0
DA:361,0
DA:362,0
DA:363,0
DA:364,0
DA:366,0
DA:367,0
DA:368,0
DA:369,0
DA:370,0
DA:372,0
DA:374,0
DA:375,0
DA:379,0
DA:380,0
DA:381,0
DA:382,0
DA:383,0
DA:385,0
DA:388,0
DA:396,0
DA:402,0
DA:403,0
DA:405,0
DA:406,0
DA:411,0
DA:412,0
DA:413,0
DA:414,0
DA:417,0
DA:418,0
DA:419,0
DA:420,0
DA:423,0
DA:424,0
DA:425,0
DA:426,0
DA:427,0
DA:428,0
DA:431,0
DA:432,0
DA:433,0
DA:435,0
DA:436,0
DA:437,0
DA:438,0
DA:439,0
DA:440,0
DA:441,0
DA:442,0
DA:443,0
DA:444,0
DA:445,0
DA:448,0
DA:449,0
DA:451,0
DA:452,0
DA:456,0
DA:457,0
DA:459,0
DA:462,0
DA:463,0
DA:464,0
DA:466,0
DA:467,0
DA:474,10
DA:480,0
DA:481,0
DA:482,0
DA:483,0
DA:484,0
DA:485,0
DA:486,0
DA:487,0
DA:488,0
DA:492,0
DA:493,0
DA:495,0
DA:496,0
DA:497,0
DA:498,0
DA:499,0
DA:500,0
DA:501,0
DA:503,0
DA:507,7
DA:513,0
DA:515,0
DA:517,0
DA:518,0
DA:520,0
DA:521,0
DA:522,0
DA:524,0
DA:525,0
DA:526,0
DA:529,0
DA:534,10
DA:538,0
DA:539,0
DA:540,0
DA:541,0
DA:542,0
DA:545,0
DA:549,0
DA:550,0
DA:552,0
DA:553,0
DA:554,0
DA:555,0
DA:559,0
DA:613,15
DA:619,0
DA:620,0
DA:622,0
DA:624,0
DA:625,0
DA:626,0
DA:627,0
DA:628,0
DA:632,0
DA:634,0
DA:635,0
DA:636,0
DA:638,0
DA:639,0
DA:640,0
DA:641,0
DA:644,0
DA:646,0
DA:647,0
DA:648,0
DA:649,0
DA:650,0
DA:651,0
DA:652,0
DA:653,0
DA:654,0
DA:658,0
DA:661,0
DA:663,0
DA:664,0
DA:665,0
DA:666,0
DA:670,0
DA:671,0
DA:672,0
DA:673,0
DA:677,0
DA:680,0
DA:681,0
DA:682,0
DA:683,0
DA:684,0
DA:685,0
DA:686,0
DA:687,0
DA:690,0
DA:691,0
DA:692,0
DA:694,0
DA:695,0
DA:699,0
DA:700,0
DA:701,0
DA:702,0
DA:706,0
DA:707,0
DA:710,0
DA:712,0
DA:715,0
DA:716,0
DA:717,0
DA:718,0
DA:719,0
DA:720,0
DA:721,0
DA:722,0
DA:724,0
DA:726,0
DA:727,0
DA:728,0
DA:729,0
DA:730,0
DA:731,0
DA:732,0
DA:733,0
DA:737,0
DA:739,0
DA:742,0
DA:743,0
DA:745,0
DA:750,0
DA:751,0
DA:752,0
DA:753,0
DA:754,0
DA:755,0
DA:756,0
DA:757,0
DA:758,0
DA:760,0
DA:761,0
DA:762,0
DA:768,0
DA:772,0
DA:776,0
DA:777,0
DA:778,0
DA:780,0
DA:781,0
DA:784,0
DA:785,0
DA:786,0
DA:789,0
DA:790,0
DA:792,0
DA:793,0
DA:794,0
DA:795,0
DA:796,0
DA:798,0
DA:799,0
DA:800,0
DA:803,0
DA:804,0
DA:808,10
DA:814,0
DA:815,0
DA:817,0
DA:818,0
DA:819,0
DA:820,0
DA:822,0
DA:823,0
DA:825,0
DA:827,0
DA:828,0
DA:830,0
DA:831,0
DA:834,0
DA:835,0
DA:837,0
DA:838,0
DA:839,0
DA:840,0
DA:841,0
DA:843,0
DA:844,0
DA:845,0
DA:846,0
DA:847,0
DA:850,0
DA:854,10
DA:855,0
DA:856,0
DA:857,0
DA:859,0
DA:860,0
DA:861,0
DA:865,10
DA:869,0
DA:870,0
DA:871,0
DA:873,0
DA:874,0
DA:875,0
DA:876,0
DA:878,0
DA:879,0
DA:880,0
DA:881,0
DA:884,0
end_of_record

SF:/Users/owenthurm/Desktop/foil/packages/protocol/uniswapv3/v3-core/UniswapV3PoolDeployer.sol
DA:10,0
DA:20,38
DA:29,3
DA:36,96
DA:43,50
DA:44,23
end_of_record

SF:/Users/owenthurm/Desktop/foil/packages/protocol/uniswapv3/v3-core/interfaces/IERC20Minimal.sol
end_of_record

SF:/Users/owenthurm/Desktop/foil/packages/protocol/uniswapv3/v3-core/interfaces/IUniswapV3Factory.sol
end_of_record

SF:/Users/owenthurm/Desktop/foil/packages/protocol/uniswapv3/v3-core/interfaces/IUniswapV3Pool.sol
end_of_record

SF:/Users/owenthurm/Desktop/foil/packages/protocol/uniswapv3/v3-core/interfaces/IUniswapV3PoolDeployer.sol
end_of_record

SF:/Users/owenthurm/Desktop/foil/packages/protocol/uniswapv3/v3-core/interfaces/callback/IUniswapV3FlashCallback.sol
end_of_record

SF:/Users/owenthurm/Desktop/foil/packages/protocol/uniswapv3/v3-core/interfaces/callback/IUniswapV3MintCallback.sol
end_of_record

SF:/Users/owenthurm/Desktop/foil/packages/protocol/uniswapv3/v3-core/interfaces/callback/IUniswapV3SwapCallback.sol
end_of_record

SF:/Users/owenthurm/Desktop/foil/packages/protocol/uniswapv3/v3-core/interfaces/pool/IUniswapV3PoolActions.sol
end_of_record

SF:/Users/owenthurm/Desktop/foil/packages/protocol/uniswapv3/v3-core/interfaces/pool/IUniswapV3PoolDerivedState.sol
end_of_record

SF:/Users/owenthurm/Desktop/foil/packages/protocol/uniswapv3/v3-core/interfaces/pool/IUniswapV3PoolEvents.sol
end_of_record

SF:/Users/owenthurm/Desktop/foil/packages/protocol/uniswapv3/v3-core/interfaces/pool/IUniswapV3PoolImmutables.sol
end_of_record

SF:/Users/owenthurm/Desktop/foil/packages/protocol/uniswapv3/v3-core/interfaces/pool/IUniswapV3PoolOwnerActions.sol
end_of_record

SF:/Users/owenthurm/Desktop/foil/packages/protocol/uniswapv3/v3-core/interfaces/pool/IUniswapV3PoolState.sol
end_of_record

SF:/Users/owenthurm/Desktop/foil/packages/protocol/uniswapv3/v3-core/libraries/BitMath.sol
DA:6,0
DA:13,0
DA:14,0
DA:16,0
DA:17,0
DA:18,0
DA:20,0
DA:21,0
DA:22,0
DA:24,0
DA:25,0
DA:26,0
DA:28,0
DA:29,0
DA:30,0
DA:32,0
DA:33,0
DA:34,0
DA:36,0
DA:37,0
DA:38,0
DA:40,0
DA:41,0
DA:42,0
DA:44,0
DA:53,0
DA:54,0
DA:56,0
DA:57,0
DA:58,0
DA:60,0
DA:62,0
DA:63,0
DA:65,0
DA:67,0
DA:68,0
DA:70,0
DA:72,0
DA:73,0
DA:75,0
DA:77,0
DA:78,0
DA:80,0
DA:82,0
DA:83,0
DA:85,0
DA:87,0
DA:88,0
DA:90,0
DA:92,0
end_of_record

SF:/Users/owenthurm/Desktop/foil/packages/protocol/uniswapv3/v3-core/libraries/FixedPoint128.sol
DA:6,0
end_of_record

SF:/Users/owenthurm/Desktop/foil/packages/protocol/uniswapv3/v3-core/libraries/FixedPoint96.sol
DA:7,0
DA:8,0
end_of_record

SF:/Users/owenthurm/Desktop/foil/packages/protocol/uniswapv3/v3-core/libraries/FullMath.sol
DA:7,0
DA:14,7
DA:18,0
DA:28,0
DA:29,0
DA:30,0
DA:34,0
DA:35,0
DA:37,0
DA:39,0
DA:44,0
DA:52,0
DA:54,0
DA:58,0
DA:59,0
DA:65,0
DA:68,0
DA:73,0
DA:79,0
DA:81,0
DA:88,0
DA:92,0
DA:93,0
DA:94,0
DA:95,0
DA:96,0
DA:97,0
DA:105,0
DA:115,0
DA:119,0
DA:120,0
DA:121,0
DA:122,0
DA:123,0
end_of_record

SF:/Users/owenthurm/Desktop/foil/packages/protocol/uniswapv3/v3-core/libraries/LiquidityMath.sol
DA:5,0
DA:10,0
DA:11,0
DA:12,0
DA:14,0
end_of_record

SF:/Users/owenthurm/Desktop/foil/packages/protocol/uniswapv3/v3-core/libraries/LowGasSafeMath.sol
DA:6,0
DA:11,0
DA:12,0
DA:35,0
DA:36,0
DA:43,5
DA:44,1
end_of_record

SF:/Users/owenthurm/Desktop/foil/packages/protocol/uniswapv3/v3-core/libraries/Oracle.sol
DA:11,0
DA:30,0
DA:35,0
DA:36,0
DA:37,0
DA:38,0
DA:39,0
DA:40,0
DA:41,0
DA:42,0
DA:43,0
DA:56,38
DA:60,5
DA:78,0
DA:86,0
DA:87,0
DA:90,0
DA:93,0
DA:94,0
DA:96,0
DA:99,0
DA:100,0
DA:108,0
DA:112,0
DA:113,0
DA:115,0
DA:118,0
DA:119,0
DA:128,0
DA:132,0
DA:134,0
DA:136,0
DA:137,0
DA:139,0
DA:153,0
DA:159,0
DA:160,0
DA:161,0
DA:162,0
DA:163,0
DA:164,0
DA:166,0
DA:169,0
DA:170,0
DA:171,0
DA:174,0
DA:176,0
DA:179,0
DA:181,0
DA:182,0
DA:198,0
DA:206,0
DA:208,0
DA:211,0
DA:212,0
DA:214,0
DA:217,0
DA:222,0
DA:223,0
DA:226,0
DA:229,0
DA:245,0
DA:253,0
DA:254,0
DA:255,0
DA:256,0
DA:257,0
DA:260,0
DA:262,0
DA:263,0
DA:265,0
DA:267,0
DA:268,0
DA:270,0
DA:273,0
DA:274,0
DA:275,0
DA:276,0
DA:277,0
DA:278,0
DA:279,0
DA:281,0
DA:282,0
DA:283,0
DA:300,0
DA:308,0
DA:309,0
DA:311,0
DA:312,0
DA:313,0
DA:314,0
DA:315,0
DA:316,0
DA:317,0
DA:318,0
DA:319,0
DA:320,0
DA:321,0
end_of_record

SF:/Users/owenthurm/Desktop/foil/packages/protocol/uniswapv3/v3-core/libraries/Position.sol
DA:11,0
DA:30,0
DA:36,0
DA:44,0
DA:49,0
DA:50,0
DA:53,0
DA:54,0
DA:55,0
DA:57,0
DA:61,0
DA:63,0
DA:64,0
DA:65,0
DA:69,0
DA:71,0
DA:72,0
DA:73,0
DA:79,0
DA:80,0
DA:81,0
DA:82,0
DA:84,0
DA:85,0
end_of_record

SF:/Users/owenthurm/Desktop/foil/packages/protocol/uniswapv3/v3-core/libraries/SafeCast.sol
DA:6,0
DA:10,0
DA:11,0
DA:17,0
DA:18,0
DA:24,0
DA:25,0
DA:26,0
end_of_record

SF:/Users/owenthurm/Desktop/foil/packages/protocol/uniswapv3/v3-core/libraries/SqrtPriceMath.sol
DA:13,0
DA:28,0
DA:33,0
DA:35,0
DA:36,0
DA:38,0
DA:39,0
DA:40,0
DA:41,0
DA:42,0
DA:44,0
DA:47,0
DA:49,0
DA:52,0
DA:53,0
DA:54,0
DA:68,0
DA:73,0
DA:76,0
DA:77,0
DA:79,0
DA:80,0
DA:81,0
DA:84,0
DA:86,0
DA:88,0
DA:89,0
DA:90,0
DA:93,0
DA:95,0
DA:106,0
DA:111,0
DA:112,0
DA:113,0
DA:117,0
DA:118,0
DA:119,0
DA:129,0
DA:134,0
DA:135,0
DA:136,0
DA:140,0
DA:141,0
DA:142,0
DA:158,0
DA:163,0
DA:164,0
DA:166,0
DA:169,0
DA:171,0
DA:172,0
DA:173,0
DA:174,0
DA:176,0
DA:177,0
DA:178,0
DA:179,0
DA:180,0
DA:182,0
DA:192,0
DA:197,0
DA:198,0
DA:201,0
DA:202,0
DA:203,0
DA:211,0
DA:215,0
DA:217,0
DA:218,0
DA:219,0
DA:227,0
DA:231,0
DA:233,0
DA:234,0
DA:235,0
end_of_record

SF:/Users/owenthurm/Desktop/foil/packages/protocol/uniswapv3/v3-core/libraries/SwapMath.sol
DA:9,0
DA:21,0
DA:30,0
DA:35,0
DA:36,0
DA:37,0
DA:39,0
DA:40,0
DA:41,0
DA:42,0
DA:43,0
DA:44,0
DA:46,0
DA:47,0
DA:48,0
DA:49,0
DA:50,0
DA:53,0
DA:54,0
DA:55,0
DA:56,0
DA:58,0
DA:59,0
DA:60,0
DA:61,0
DA:62,0
DA:66,0
DA:69,0
DA:70,0
DA:71,0
DA:72,0
DA:73,0
DA:74,0
DA:75,0
DA:77,0
DA:78,0
DA:79,0
DA:80,0
DA:81,0
DA:82,0
DA:86,0
DA:87,0
DA:90,0
DA:92,0
DA:94,0
end_of_record

SF:/Users/owenthurm/Desktop/foil/packages/protocol/uniswapv3/v3-core/libraries/Tick.sol
DA:12,0
DA:44,0
DA:45,0
DA:46,0
DA:47,0
DA:48,0
DA:60,0
DA:67,0
DA:68,0
DA:69,0
DA:74,0
DA:75,0
DA:76,0
DA:78,0
DA:79,0
DA:83,0
DA:84,0
DA:85,0
DA:86,0
DA:87,0
DA:89,0
DA:90,0
DA:93,0
DA:94,0
DA:110,0
DA:122,0
DA:123,0
DA:125,0
DA:126,0
DA:128,0
DA:130,0
DA:132,0
DA:134,0
DA:135,0
DA:136,0
DA:137,0
DA:138,0
DA:139,0
DA:141,0
DA:144,0
DA:147,0
DA:148,0
DA:149,0
DA:155,0
DA:156,0
DA:168,0
DA:176,0
DA:177,0
DA:178,0
DA:179,0
DA:180,0
DA:181,0
DA:182,0
DA:183,0
end_of_record

SF:/Users/owenthurm/Desktop/foil/packages/protocol/uniswapv3/v3-core/libraries/TickBitmap.sol
DA:9,0
DA:14,0
DA:15,0
DA:16,0
DA:23,0
DA:28,0
DA:29,0
DA:30,0
DA:31,0
DA:42,0
DA:47,0
DA:48,0
DA:49,0
DA:51,0
DA:52,0
DA:54,0
DA:55,0
DA:58,0
DA:60,0
DA:61,0
DA:62,0
DA:63,0
DA:65,0
DA:67,0
DA:68,0
DA:71,0
DA:73,0
DA:74,0
DA:75,0
end_of_record

SF:/Users/owenthurm/Desktop/foil/packages/protocol/uniswapv3/v3-core/libraries/TickMath.sol
DA:7,0
DA:11,4
DA:14,1
DA:17,1
DA:24,3
DA:26,1
DA:27,11
DA:28,1
DA:29,3
DA:30,8
DA:32,13
DA:33,0
DA:35,7
DA:36,0
DA:37,7
DA:38,0
DA:39,7
DA:40,11
DA:41,7
DA:42,11
DA:43,7
DA:44,11
DA:45,7
DA:46,11
DA:47,7
DA:48,11
DA:49,7
DA:50,11
DA:51,7
DA:52,11
DA:53,7
DA:54,11
DA:55,7
DA:56,11
DA:57,7
DA:58,11
DA:59,7
DA:60,11
DA:61,7
DA:62,11
DA:63,7
DA:64,11
DA:65,7
DA:66,11
DA:67,7
DA:68,11
DA:69,7
DA:70,11
DA:71,7
DA:72,11
DA:74,16
DA:79,1
DA:80,23
DA:89,3
DA:91,1
DA:93,3
DA:94,12
DA:97,5
DA:103,4
DA:105,3
DA:108,4
DA:109,2
DA:110,3
DA:113,5
DA:114,3
DA:115,3
DA:118,5
DA:119,3
DA:120,3
DA:123,7
DA:124,1
DA:125,3
DA:128,5
DA:129,3
DA:130,3
DA:133,7
DA:134,1
DA:135,4
DA:138,3
DA:139,1
DA:142,19
DA:143,0
DA:145,12
DA:148,7
DA:149,3
DA:150,7
DA:151,6
DA:154,7
DA:155,3
DA:156,7
DA:157,6
DA:160,7
DA:161,3
DA:162,7
DA:163,6
DA:166,7
DA:167,3
DA:168,7
DA:169,6
DA:172,7
DA:173,3
DA:174,7
DA:175,6
DA:178,7
DA:179,3
DA:180,7
DA:181,6
DA:184,7
DA:185,3
DA:186,7
DA:187,6
DA:190,7
DA:191,3
DA:192,7
DA:193,6
DA:196,7
DA:197,3
DA:198,7
DA:199,6
DA:202,7
DA:203,3
DA:204,7
DA:205,6
DA:208,7
DA:209,3
DA:210,7
DA:211,6
DA:214,7
DA:215,3
DA:216,7
DA:217,6
DA:220,7
DA:221,3
DA:222,7
DA:223,6
DA:226,7
DA:227,3
DA:228,8
DA:231,11
DA:233,1
DA:234,9
DA:236,3
DA:237,9
DA:240,13
DA:241,0
DA:242,13
DA:243,1
DA:244,0
end_of_record

SF:/Users/owenthurm/Desktop/foil/packages/protocol/uniswapv3/v3-core/libraries/TransferHelper.sol
DA:6,0
DA:38,0
DA:39,0
DA:40,0
DA:42,0
DA:43,0
end_of_record

SF:/Users/owenthurm/Desktop/foil/packages/protocol/uniswapv3/v3-core/libraries/UnsafeMath.sol
DA:6,0
DA:12,0
DA:14,0
end_of_record

SF:/Users/owenthurm/Desktop/foil/packages/protocol/uniswapv3/v3-periphery/NonfungiblePositionManager.sol
DA:23,172
DA:64,0
DA:66,0
DA:71,0
DA:77,0
DA:83,0
DA:90,0
DA:104,0
DA:105,0
DA:106,0
DA:107,0
DA:108,0
DA:109,0
DA:110,0
DA:111,0
DA:112,0
DA:113,0
DA:114,0
DA:115,0
DA:116,0
DA:117,0
DA:118,0
DA:119,0
DA:124,0
DA:127,0
DA:128,0
DA:129,0
DA:130,0
DA:131,0
DA:136,0
DA:142,0
DA:144,0
DA:149,0
DA:150,0
DA:151,0
DA:152,0
DA:153,0
DA:154,0
DA:155,0
DA:156,0
DA:157,0
DA:158,0
DA:159,0
DA:160,0
DA:161,0
DA:162,0
DA:166,0
DA:168,0
DA:169,0
DA:170,0
DA:171,0
DA:173,0
DA:175,0
DA:176,0
DA:179,0
DA:182,0
DA:183,0
DA:184,0
DA:185,0
DA:186,0
DA:187,0
DA:191,0
DA:192,0
DA:193,0
DA:194,0
DA:195,0
DA:196,0
DA:197,0
DA:198,0
DA:199,0
DA:200,0
DA:201,0
DA:204,0
DA:208,0
DA:209,0
DA:224,0
DA:227,0
DA:233,0
DA:234,0
DA:235,0
DA:236,0
DA:238,0
DA:241,0
DA:242,0
DA:243,0
DA:244,0
DA:245,0
DA:246,0
DA:247,0
DA:248,0
DA:249,0
DA:250,0
DA:251,0
DA:252,0
DA:256,0
DA:257,0
DA:258,0
DA:259,0
DA:263,0
DA:265,0
DA:266,0
DA:269,0
DA:271,0
DA:272,0
DA:273,0
DA:274,0
DA:278,0
DA:279,0
DA:280,0
DA:286,0
DA:287,0
DA:288,0
DA:290,0
DA:294,0
DA:300,0
DA:301,0
DA:302,0
DA:303,0
DA:304,0
DA:305,0
DA:307,0
DA:308,0
DA:310,0
DA:311,0
DA:312,0
DA:318,0
DA:319,0
DA:320,0
DA:321,0
DA:324,0
DA:325,0
DA:329,0
DA:330,0
DA:331,0
DA:332,0
DA:335,0
DA:337,0
DA:338,0
DA:341,0
DA:343,0
DA:344,0
DA:346,0
DA:347,0
DA:348,0
DA:349,0
DA:353,0
DA:354,0
DA:356,0
DA:357,0
DA:358,0
DA:364,0
DA:365,0
DA:367,0
DA:369,0
DA:370,0
DA:371,0
DA:372,0
DA:373,0
DA:378,0
DA:384,0
DA:385,0
DA:387,0
DA:389,0
DA:390,0
DA:391,0
DA:393,0
DA:395,0
DA:397,0
DA:398,0
DA:406,0
DA:407,0
DA:411,0
DA:412,0
DA:413,0
DA:415,0
DA:419,0
DA:420,0
DA:421,0
DA:422,0
DA:423,0
DA:427,0
DA:428,0
DA:429,0
DA:430,0
DA:431,0
DA:435,0
DA:436,0
DA:437,0
DA:438,0
DA:444,0
DA:445,0
DA:449,0
DA:450,0
DA:451,0
DA:455,0
DA:457,0
DA:458,0
DA:465,0
DA:466,0
DA:467,0
DA:470,0
DA:474,0
DA:476,0
DA:477,0
DA:478,0
DA:479,0
DA:480,0
DA:481,0
DA:484,0
DA:485,0
DA:488,0
DA:490,0
DA:491,0
DA:495,8
DA:497,0
DA:498,0
DA:499,0
DA:503,0
DA:507,0
DA:508,0
DA:509,0
end_of_record

SF:/Users/owenthurm/Desktop/foil/packages/protocol/uniswapv3/v3-periphery/SwapRouter.sol
DA:22,0
DA:39,0
DA:41,0
DA:47,0
DA:51,0
DA:54,0
DA:64,0
DA:69,0
DA:70,0
DA:72,0
DA:73,0
DA:74,0
DA:77,0
DA:79,0
DA:80,0
DA:81,0
DA:82,0
DA:83,0
DA:86,0
DA:87,0
DA:88,0
DA:90,0
DA:91,0
DA:92,0
DA:98,0
DA:103,0
DA:105,0
DA:107,0
DA:111,0
DA:113,0
DA:114,0
DA:115,0
DA:116,0
DA:117,0
DA:119,0
DA:120,0
DA:121,0
DA:123,0
DA:124,0
DA:127,0
DA:131,0
DA:137,0
DA:138,0
DA:140,0
DA:141,0
DA:142,0
DA:143,0
DA:144,0
DA:145,0
DA:146,0
DA:147,0
DA:148,0
DA:150,0
DA:153,0
DA:157,0
DA:163,0
DA:164,0
DA:165,0
DA:166,0
DA:168,0
DA:169,0
DA:172,0
DA:173,0
DA:174,0
DA:175,0
DA:176,0
DA:177,0
DA:178,0
DA:183,0
DA:184,0
DA:185,0
DA:187,0
DA:188,0
DA:192,0
DA:196,0
DA:201,0
DA:203,0
DA:205,0
DA:209,0
DA:211,0
DA:216,0
DA:217,0
DA:218,0
DA:219,0
DA:221,0
DA:222,0
DA:223,0
DA:225,0
DA:226,0
DA:229,0
DA:230,0
DA:231,0
DA:232,0
DA:235,0
DA:239,0
DA:245,0
DA:246,0
DA:249,0
DA:250,0
DA:251,0
DA:252,0
DA:253,0
DA:254,0
DA:255,0
DA:256,0
DA:257,0
DA:259,0
DA:263,0
DA:265,0
DA:269,0
DA:275,0
DA:276,0
DA:280,0
DA:281,0
DA:282,0
DA:283,0
DA:284,0
DA:287,0
DA:288,0
end_of_record

SF:/Users/owenthurm/Desktop/foil/packages/protocol/uniswapv3/v3-periphery/base/BlockTimestamp.sol
DA:9,0
DA:10,0
end_of_record

SF:/Users/owenthurm/Desktop/foil/packages/protocol/uniswapv3/v3-periphery/base/ERC721Permit.sol
DA:31,0
DA:35,0
DA:36,0
DA:37,0
DA:41,0
DA:42,0
DA:43,0
DA:44,0
DA:46,0
DA:47,0
DA:48,0
DA:50,0
DA:57,0
DA:61,0
DA:68,0
DA:69,0
DA:71,0
DA:72,0
DA:74,0
DA:75,0
DA:76,0
DA:78,0
DA:79,0
DA:80,0
DA:86,0
DA:87,0
DA:89,0
DA:90,0
DA:91,0
DA:92,0
DA:93,0
DA:94,0
DA:97,0
DA:98,0
DA:99,0
DA:100,0
DA:103,0
end_of_record

SF:/Users/owenthurm/Desktop/foil/packages/protocol/uniswapv3/v3-periphery/base/LiquidityManagement.sol
DA:25,0
DA:29,0
DA:30,0
DA:31,0
DA:33,0
DA:34,0
DA:51,0
DA:54,0
DA:59,0
DA:60,0
DA:61,0
DA:62,0
DA:63,0
DA:66,0
DA:69,0
DA:70,0
DA:71,0
DA:72,0
DA:74,0
DA:75,0
DA:76,0
DA:77,0
DA:78,0
DA:79,0
DA:83,0
DA:84,0
DA:85,0
DA:86,0
DA:87,0
DA:88,0
DA:91,0
end_of_record

SF:/Users/owenthurm/Desktop/foil/packages/protocol/uniswapv3/v3-periphery/base/Multicall.sol
DA:11,0
DA:15,0
DA:17,0
DA:18,0
DA:19,0
DA:21,0
DA:23,0
DA:25,0
DA:27,0
DA:30,0
end_of_record

SF:/Users/owenthurm/Desktop/foil/packages/protocol/uniswapv3/v3-periphery/base/PeripheryImmutableState.sol
DA:10,12
DA:12,0
DA:15,0
DA:16,0
end_of_record

SF:/Users/owenthurm/Desktop/foil/packages/protocol/uniswapv3/v3-periphery/base/PeripheryPayments.sol
DA:18,0
DA:22,0
DA:25,0
DA:26,0
DA:27,0
DA:29,0
DA:30,0
DA:31,0
DA:36,0
DA:40,0
DA:41,0
DA:42,0
DA:44,0
DA:45,0
DA:50,0
DA:51,0
DA:52,0
DA:60,0
DA:66,0
DA:68,0
DA:69,0
DA:70,0
DA:72,0
DA:75,0
end_of_record

SF:/Users/owenthurm/Desktop/foil/packages/protocol/uniswapv3/v3-periphery/base/PeripheryPaymentsWithFee.sol
DA:20,0
DA:25,0
DA:26,0
DA:28,0
DA:29,0
DA:31,0
DA:32,0
DA:33,0
DA:34,0
DA:35,0
DA:36,0
DA:41,0
DA:47,0
DA:48,0
DA:50,0
DA:51,0
DA:53,0
DA:54,0
DA:55,0
DA:56,0
DA:57,0
DA:58,0
DA:59,0
DA:60,0
end_of_record

SF:/Users/owenthurm/Desktop/foil/packages/protocol/uniswapv3/v3-periphery/base/PeripheryValidation.sol
DA:8,0
end_of_record

SF:/Users/owenthurm/Desktop/foil/packages/protocol/uniswapv3/v3-periphery/base/PoolInitializer.sol
DA:13,0
DA:18,0
DA:19,0
DA:20,0
DA:22,0
DA:23,0
DA:24,0
DA:25,0
DA:26,0
DA:27,0
DA:28,0
end_of_record

SF:/Users/owenthurm/Desktop/foil/packages/protocol/uniswapv3/v3-periphery/base/SelfPermit.sol
DA:16,0
DA:24,0
DA:25,0
DA:26,0
DA:36,0
DA:44,0
DA:45,0
DA:50,0
DA:58,0
DA:59,0
DA:60,0
DA:63,0
DA:71,0
DA:79,0
DA:80,0
DA:81,0
DA:83,0
end_of_record

SF:/Users/owenthurm/Desktop/foil/packages/protocol/uniswapv3/v3-periphery/interfaces/IERC721Permit.sol
end_of_record

SF:/Users/owenthurm/Desktop/foil/packages/protocol/uniswapv3/v3-periphery/interfaces/IMulticall.sol
end_of_record

SF:/Users/owenthurm/Desktop/foil/packages/protocol/uniswapv3/v3-periphery/interfaces/INonfungiblePositionManager.sol
end_of_record

SF:/Users/owenthurm/Desktop/foil/packages/protocol/uniswapv3/v3-periphery/interfaces/INonfungibleTokenPositionDescriptor.sol
end_of_record

SF:/Users/owenthurm/Desktop/foil/packages/protocol/uniswapv3/v3-periphery/interfaces/IPeripheryImmutableState.sol
end_of_record

SF:/Users/owenthurm/Desktop/foil/packages/protocol/uniswapv3/v3-periphery/interfaces/IPeripheryPayments.sol
end_of_record

SF:/Users/owenthurm/Desktop/foil/packages/protocol/uniswapv3/v3-periphery/interfaces/IPeripheryPaymentsWithFee.sol
end_of_record

SF:/Users/owenthurm/Desktop/foil/packages/protocol/uniswapv3/v3-periphery/interfaces/IPoolInitializer.sol
end_of_record

SF:/Users/owenthurm/Desktop/foil/packages/protocol/uniswapv3/v3-periphery/interfaces/IQuoter.sol
end_of_record

SF:/Users/owenthurm/Desktop/foil/packages/protocol/uniswapv3/v3-periphery/interfaces/ISelfPermit.sol
end_of_record

SF:/Users/owenthurm/Desktop/foil/packages/protocol/uniswapv3/v3-periphery/interfaces/ISwapRouter.sol
end_of_record

SF:/Users/owenthurm/Desktop/foil/packages/protocol/uniswapv3/v3-periphery/interfaces/external/IERC1271.sol
end_of_record

SF:/Users/owenthurm/Desktop/foil/packages/protocol/uniswapv3/v3-periphery/interfaces/external/IERC20PermitAllowed.sol
end_of_record

SF:/Users/owenthurm/Desktop/foil/packages/protocol/uniswapv3/v3-periphery/interfaces/external/IWETH9.sol
end_of_record

SF:/Users/owenthurm/Desktop/foil/packages/protocol/uniswapv3/v3-periphery/lens/Quoter.sol
DA:22,0
DA:29,0
DA:34,0
DA:39,0
DA:40,0
DA:58,0
DA:63,0
DA:65,0
DA:67,0
DA:69,0
DA:72,0
DA:73,0
DA:75,0
DA:76,0
DA:77,0
DA:79,0
DA:81,0
DA:82,0
DA:83,0
DA:84,0
DA:85,0
DA:87,0
DA:88,0
DA:89,0
DA:92,0
DA:93,0
DA:94,0
DA:97,0
DA:99,0
DA:101,0
DA:102,0
DA:104,0
DA:107,0
DA:109,0
DA:110,0
DA:111,0
DA:115,0
DA:116,0
DA:118,0
DA:120,0
DA:123,0
DA:124,0
DA:125,0
DA:175,0
DA:177,0
DA:178,0
DA:179,0
DA:181,0
DA:183,0
DA:185,0
DA:189,0
DA:195,0
DA:196,0
DA:198,0
DA:199,0
DA:200,0
DA:201,0
DA:202,0
DA:203,0
DA:205,0
DA:206,0
DA:207,0
DA:209,0
DA:210,0
DA:213,0
DA:218,0
DA:221,0
DA:222,0
DA:223,0
DA:225,0
DA:229,0
DA:230,0
DA:231,0
DA:232,0
DA:233,0
DA:234,0
DA:238,0
DA:239,0
DA:247,0
DA:253,0
DA:254,0
DA:257,0
DA:258,0
DA:259,0
DA:260,0
DA:261,0
DA:262,0
DA:263,0
DA:265,0
DA:266,0
DA:267,0
DA:269,0
DA:270,0
DA:273,0
DA:274,0
DA:279,0
DA:282,0
DA:283,0
DA:284,0
DA:286,0
DA:290,0
DA:291,0
DA:292,0
DA:293,0
DA:294,0
DA:295,0
DA:299,0
DA:300,0
DA:302,0
end_of_record

SF:/Users/owenthurm/Desktop/foil/packages/protocol/uniswapv3/v3-periphery/libraries/BytesLib.sol
DA:11,0
DA:12,0
DA:16,0
DA:17,0
DA:18,0
DA:19,0
DA:21,0
DA:24,0
DA:25,0
DA:28,0
DA:38,0
DA:44,0
DA:45,0
DA:47,0
DA:50,0
DA:51,0
DA:52,0
DA:53,0
DA:54,0
DA:56,0
DA:60,0
DA:64,0
DA:67,0
DA:69,0
DA:73,0
DA:76,0
DA:77,0
DA:78,0
DA:82,0
DA:88,0
DA:89,0
DA:90,0
DA:94,0
end_of_record

SF:/Users/owenthurm/Desktop/foil/packages/protocol/uniswapv3/v3-periphery/libraries/CallbackValidation.sol
DA:9,0
DA:16,0
DA:21,0
DA:22,0
DA:23,0
DA:30,0
DA:33,0
DA:34,0
DA:35,0
end_of_record

SF:/Users/owenthurm/Desktop/foil/packages/protocol/uniswapv3/v3-periphery/libraries/ChainId.sol
DA:5,0
DA:10,0
end_of_record

SF:/Users/owenthurm/Desktop/foil/packages/protocol/uniswapv3/v3-periphery/libraries/LiquidityAmounts.sol
DA:9,0
DA:13,0
DA:14,0
DA:23,0
DA:27,0
DA:28,0
DA:29,0
DA:30,0
DA:31,0
DA:32,0
DA:37,0
DA:38,0
DA:39,0
DA:40,0
DA:41,0
DA:53,0
DA:57,0
DA:58,0
DA:59,0
DA:62,0
DA:63,0
DA:64,0
DA:66,0
DA:80,0
DA:86,0
DA:87,0
DA:88,0
DA:90,0
DA:91,0
DA:92,0
DA:93,0
DA:94,0
DA:96,0
DA:97,0
DA:98,0
DA:99,0
DA:100,0
DA:102,0
DA:103,0
DA:104,0
DA:105,0
DA:108,0
DA:110,0
DA:111,0
DA:112,0
DA:113,0
end_of_record

SF:/Users/owenthurm/Desktop/foil/packages/protocol/uniswapv3/v3-periphery/libraries/LowGasSafeMath.sol
DA:6,0
DA:27,0
DA:28,0
end_of_record

SF:/Users/owenthurm/Desktop/foil/packages/protocol/uniswapv3/v3-periphery/libraries/Path.sol
DA:7,0
DA:11,0
DA:13,0
DA:16,0
DA:18,0
DA:20,0
DA:25,0
DA:26,0
DA:42,0
DA:45,0
DA:47,0
DA:48,0
DA:49,0
DA:55,0
DA:56,0
DA:62,0
DA:63,0
end_of_record

SF:/Users/owenthurm/Desktop/foil/packages/protocol/uniswapv3/v3-periphery/libraries/PoolAddress.sol
DA:5,0
end_of_record

SF:/Users/owenthurm/Desktop/foil/packages/protocol/uniswapv3/v3-periphery/libraries/PositionKey.sol
DA:4,0
DA:6,0
DA:10,0
DA:11,0
end_of_record

SF:/Users/owenthurm/Desktop/foil/packages/protocol/uniswapv3/v3-periphery/libraries/TransferHelper.sol
DA:6,0
DA:13,0
DA:19,0
DA:20,0
DA:27,0
DA:28,0
DA:38,0
DA:39,0
DA:40,0
DA:42,0
DA:43,0
DA:67,0
DA:68,0
DA:69,0
end_of_record

